{"meta": {"format": 3, "version": "7.12.0", "timestamp": "2026-03-18T02:13:13.728926", "branch_coverage": false, "show_contexts": false}, "files": {"accounts/admin.py": {"executed_lines": [1, 2, 3, 6, 7, 8, 10, 21, 22, 23, 25, 45, 52], "summary": {"covered_lines": 13, "num_statements": 13, "percent_covered": 100.0, "percent_covered_display": "100.00", "missing_lines": 0, "excluded_lines": 0, "percent_statements_covered": 100.0, "percent_statements_covered_display": "100.00"}, "missing_lines": [], "excluded_lines": [], "functions": {"": {"executed_lines": [1, 2, 3, 6, 7, 8, 10, 21, 22, 23, 25, 45, 52], "summary": {"covered_lines": 13, "num_statements": 13, "percent_covered": 100.0, "percent_covered_display": "100.00", "missing_lines": 0, "excluded_lines": 0, "percent_statements_covered": 100.0, "percent_statements_covered_display": "100.00"}, "missing_lines": [], "excluded_lines": []}}, "classes": {"CustomUserAdmin": {"executed_lines": [], "summary": {"covered_lines": 0, "num_statements": 0, "percent_covered": 100.0, "percent_covered_display": "100.00", "missing_lines": 0, "excluded_lines": 0, "percent_statements_covered": 100.0, "percent_statements_covered_display": "100.00"}, "missing_lines": [], "excluded_lines": []}, "": {"executed_lines": [1, 2, 3, 6, 7, 8, 10, 21, 22, 23, 25, 45, 52], "summary": {"covered_lines": 13, "num_statements": 13, "percent_covered": 100.0, "percent_covered_display": "100.00", "missing_lines": 0, "excluded_lines": 0, "percent_statements_covered": 100.0, "percent_statements_covered_display": "100.00"}, "missing_lines": [], "excluded_lines": []}}}, "accounts/admin_urls.py": {"executed_lines": [2, 3, 4, 6, 7, 9], "summary": {"covered_lines": 6, "num_statements": 6, "percent_covered": 100.0, "percent_covered_display": "100.00", "missing_lines": 0, "excluded_lines": 0, "percent_statements_covered": 100.0, "percent_statements_covered_display": "100.00"}, "missing_lines": [], "excluded_lines": [], "functions": {"": {"executed_lines": [2, 3, 4, 6, 7, 9], "summary": {"covered_lines": 6, "num_statements": 6, "percent_covered": 100.0, "percent_covered_display": "100.00", "missing_lines": 0, "excluded_lines": 0, "percent_statements_covered": 100.0, "percent_statements_covered_display": "100.00"}, "missing_lines": [], "excluded_lines": []}}, "classes": {"": {"executed_lines": [2, 3, 4, 6, 7, 9], "summary": {"covered_lines": 6, "num_statements": 6, "percent_covered": 100.0, "percent_covered_display": "100.00", "missing_lines": 0, "excluded_lines": 0, "percent_statements_covered": 100.0, "percent_statements_covered_display": "100.00"}, "missing_lines": [], "excluded_lines": []}}}, "accounts/admin_views.py": {"executed_lines": [2, 3, 4, 5, 6, 7, 8, 9, 10, 12, 13, 14, 15, 17, 19, 27, 29, 30, 31, 32, 33, 34, 35, 36, 42, 43, 44, 45, 46, 48, 49, 50, 51, 53, 56, 60, 61, 64, 65, 66, 68, 101, 103, 106, 107, 108, 109, 110, 112, 119, 122, 124, 127, 134, 141, 143, 144, 146, 147, 148, 151, 154, 155, 158, 159, 161, 173, 174, 176, 177, 178, 180, 181, 186, 187, 189, 190, 194, 203, 204, 206, 213, 214, 215, 217, 223, 224, 255, 256, 275, 276, 277], "summary": {"covered_lines": 91, "num_statements": 156, "percent_covered": 58.333333333333336, "percent_covered_display": "58.33", "missing_lines": 65, "excluded_lines": 0, "percent_statements_covered": 58.333333333333336, "percent_statements_covered_display": "58.33"}, "missing_lines": [57, 70, 71, 72, 76, 77, 84, 85, 86, 87, 88, 89, 92, 93, 94, 96, 97, 99, 113, 120, 123, 125, 128, 129, 130, 131, 132, 135, 136, 137, 138, 139, 207, 226, 227, 229, 230, 235, 237, 238, 239, 240, 241, 242, 243, 244, 245, 246, 248, 253, 258, 262, 272, 282, 283, 284, 285, 286, 287, 288, 295, 297, 299, 303, 304], "excluded_lines": [], "functions": {"record_profile_audit": {"executed_lines": [29, 30, 31, 32, 33, 34, 35, 36], "summary": {"covered_lines": 8, "num_statements": 8, "percent_covered": 100.0, "percent_covered_display": "100.00", "missing_lines": 0, "excluded_lines": 0, "percent_statements_covered": 100.0, "percent_statements_covered_display": "100.00"}, "missing_lines": [], "excluded_lines": []}, "AdminUserViewSet.get_serializer_class": {"executed_lines": [49, 50, 51], "summary": {"covered_lines": 3, "num_statements": 3, "percent_covered": 100.0, "percent_covered_display": "100.00", "missing_lines": 0, "excluded_lines": 0, "percent_statements_covered": 100.0, "percent_statements_covered_display": "100.00"}, "missing_lines": [], "excluded_lines": []}, "AdminUserViewSet.create": {"executed_lines": [56, 60, 61, 64, 65, 66], "summary": {"covered_lines": 6, "num_statements": 7, "percent_covered": 85.71428571428571, "percent_covered_display": "85.71", "missing_lines": 1, "excluded_lines": 0, "percent_statements_covered": 85.71428571428571, "percent_statements_covered_display": "85.71"}, "missing_lines": [57], "excluded_lines": []}, "AdminUserViewSet.update": {"executed_lines": [], "summary": {"covered_lines": 0, "num_statements": 17, "percent_covered": 0.0, "percent_covered_display": "0.00", "missing_lines": 17, "excluded_lines": 0, "percent_statements_covered": 0.0, "percent_statements_covered_display": "0.00"}, "missing_lines": [70, 71, 72, 76, 77, 84, 85, 86, 87, 88, 89, 92, 93, 94, 96, 97, 99], "excluded_lines": []}, "AdminUserViewSet.get_queryset": {"executed_lines": [103, 106, 107, 108, 109, 110, 112, 119, 122, 124, 127, 134, 141], "summary": {"covered_lines": 13, "num_statements": 27, "percent_covered": 48.148148148148145, "percent_covered_display": "48.15", "missing_lines": 14, "excluded_lines": 0, "percent_statements_covered": 48.148148148148145, "percent_statements_covered_display": "48.15"}, "missing_lines": [113, 120, 123, 125, 128, 129, 130, 131, 132, 135, 136, 137, 138, 139], "excluded_lines": []}, "AdminUserViewSet.stats": {"executed_lines": [146, 147, 148, 151, 154, 155, 158, 159, 161], "summary": {"covered_lines": 9, "num_statements": 9, "percent_covered": 100.0, "percent_covered_display": "100.00", "missing_lines": 0, "excluded_lines": 0, "percent_statements_covered": 100.0, "percent_statements_covered_display": "100.00"}, "missing_lines": [], "excluded_lines": []}, "AdminUserViewSet.toggle_status": {"executed_lines": [176, 177, 178, 180, 181], "summary": {"covered_lines": 5, "num_statements": 5, "percent_covered": 100.0, "percent_covered_display": "100.00", "missing_lines": 0, "excluded_lines": 0, "percent_statements_covered": 100.0, "percent_statements_covered_display": "100.00"}, "missing_lines": [], "excluded_lines": []}, "AdminUserViewSet.change_role": {"executed_lines": [189, 190, 194, 203, 204, 206, 213, 214, 215, 217], "summary": {"covered_lines": 10, "num_statements": 11, "percent_covered": 90.9090909090909, "percent_covered_display": "90.91", "missing_lines": 1, "excluded_lines": 0, "percent_statements_covered": 90.9090909090909, "percent_statements_covered_display": "90.91"}, "missing_lines": [207], "excluded_lines": []}, "AdminUserViewSet.bulk_action": {"executed_lines": [], "summary": {"covered_lines": 0, "num_statements": 17, "percent_covered": 0.0, "percent_covered_display": "0.00", "missing_lines": 17, "excluded_lines": 0, "percent_statements_covered": 0.0, "percent_statements_covered_display": "0.00"}, "missing_lines": [226, 227, 229, 230, 235, 237, 238, 239, 240, 241, 242, 243, 244, 245, 246, 248, 253], "excluded_lines": []}, "AdminUserViewSet.user_stats": {"executed_lines": [], "summary": {"covered_lines": 0, "num_statements": 3, "percent_covered": 0.0, "percent_covered_display": "0.00", "missing_lines": 3, "excluded_lines": 0, "percent_statements_covered": 0.0, "percent_statements_covered_display": "0.00"}, "missing_lines": [258, 262, 272], "excluded_lines": []}, "admin_user_profile_history": {"executed_lines": [], "summary": {"covered_lines": 0, "num_statements": 12, "percent_covered": 0.0, "percent_covered_display": "0.00", "missing_lines": 12, "excluded_lines": 0, "percent_statements_covered": 0.0, "percent_statements_covered_display": "0.00"}, "missing_lines": [282, 283, 284, 285, 286, 287, 288, 295, 297, 299, 303, 304], "excluded_lines": []}, "admin_user_profile_history.toggle_verification": {"executed_lines": [], "summary": {"covered_lines": 0, "num_statements": 0, "percent_covered": 100.0, "percent_covered_display": "100.00", "missing_lines": 0, "excluded_lines": 0, "percent_statements_covered": 100.0, "percent_statements_covered_display": "100.00"}, "missing_lines": [], "excluded_lines": []}, "admin_user_profile_history.change_status": {"executed_lines": [], "summary": {"covered_lines": 0, "num_statements": 0, "percent_covered": 100.0, "percent_covered_display": "100.00", "missing_lines": 0, "excluded_lines": 0, "percent_statements_covered": 100.0, "percent_statements_covered_display": "100.00"}, "missing_lines": [], "excluded_lines": []}, "admin_user_profile_history.reset_password": {"executed_lines": [], "summary": {"covered_lines": 0, "num_statements": 0, "percent_covered": 100.0, "percent_covered_display": "100.00", "missing_lines": 0, "excluded_lines": 0, "percent_statements_covered": 100.0, "percent_statements_covered_display": "100.00"}, "missing_lines": [], "excluded_lines": []}, "admin_user_profile_history.bulk_change_role": {"executed_lines": [], "summary": {"covered_lines": 0, "num_statements": 0, "percent_covered": 100.0, "percent_covered_display": "100.00", "missing_lines": 0, "excluded_lines": 0, "percent_statements_covered": 100.0, "percent_statements_covered_display": "100.00"}, "missing_lines": [], "excluded_lines": []}, "admin_user_profile_history.bulk_toggle_verification": {"executed_lines": [], "summary": {"covered_lines": 0, "num_statements": 0, "percent_covered": 100.0, "percent_covered_display": "100.00", "missing_lines": 0, "excluded_lines": 0, "percent_statements_covered": 100.0, "percent_statements_covered_display": "100.00"}, "missing_lines": [], "excluded_lines": []}, "": {"executed_lines": [2, 3, 4, 5, 6, 7, 8, 9, 10, 12, 13, 14, 15, 17, 19, 27, 42, 43, 44, 45, 46, 48, 53, 68, 101, 143, 144, 173, 174, 186, 187, 223, 224, 255, 256, 275, 276, 277], "summary": {"covered_lines": 37, "num_statements": 37, "percent_covered": 100.0, "percent_covered_display": "100.00", "missing_lines": 0, "excluded_lines": 0, "percent_statements_covered": 100.0, "percent_statements_covered_display": "100.00"}, "missing_lines": [], "excluded_lines": []}}, "classes": {"AdminUserViewSet": {"executed_lines": [49, 50, 51, 56, 60, 61, 64, 65, 66, 103, 106, 107, 108, 109, 110, 112, 119, 122, 124, 127, 134, 141, 146, 147, 148, 151, 154, 155, 158, 159, 161, 176, 177, 178, 180, 181, 189, 190, 194, 203, 204, 206, 213, 214, 215, 217], "summary": {"covered_lines": 46, "num_statements": 99, "percent_covered": 46.464646464646464, "percent_covered_display": "46.46", "missing_lines": 53, "excluded_lines": 0, "percent_statements_covered": 46.464646464646464, "percent_statements_covered_display": "46.46"}, "missing_lines": [57, 70, 71, 72, 76, 77, 84, 85, 86, 87, 88, 89, 92, 93, 94, 96, 97, 99, 113, 120, 123, 125, 128, 129, 130, 131, 132, 135, 136, 137, 138, 139, 207, 226, 227, 229, 230, 235, 237, 238, 239, 240, 241, 242, 243, 244, 245, 246, 248, 253, 258, 262, 272], "excluded_lines": []}, "": {"executed_lines": [2, 3, 4, 5, 6, 7, 8, 9, 10, 12, 13, 14, 15, 17, 19, 27, 29, 30, 31, 32, 33, 34, 35, 36, 42, 43, 44, 45, 46, 48, 53, 68, 101, 143, 144, 173, 174, 186, 187, 223, 224, 255, 256, 275, 276, 277], "summary": {"covered_lines": 45, "num_statements": 57, "percent_covered": 78.94736842105263, "percent_covered_display": "78.95", "missing_lines": 12, "excluded_lines": 0, "percent_statements_covered": 78.94736842105263, "percent_statements_covered_display": "78.95"}, "missing_lines": [282, 283, 284, 285, 286, 287, 288, 295, 297, 299, 303, 304], "excluded_lines": []}}}, "accounts/apps.py": {"executed_lines": [1, 4, 5, 6], "summary": {"covered_lines": 4, "num_statements": 4, "percent_covered": 100.0, "percent_covered_display": "100.00", "missing_lines": 0, "excluded_lines": 0, "percent_statements_covered": 100.0, "percent_statements_covered_display": "100.00"}, "missing_lines": [], "excluded_lines": [], "functions": {"": {"executed_lines": [1, 4, 5, 6], "summary": {"covered_lines": 4, "num_statements": 4, "percent_covered": 100.0, "percent_covered_display": "100.00", "missing_lines": 0, "excluded_lines": 0, "percent_statements_covered": 100.0, "percent_statements_covered_display": "100.00"}, "missing_lines": [], "excluded_lines": []}}, "classes": {"AccountsConfig": {"executed_lines": [], "summary": {"covered_lines": 0, "num_statements": 0, "percent_covered": 100.0, "percent_covered_display": "100.00", "missing_lines": 0, "excluded_lines": 0, "percent_statements_covered": 100.0, "percent_statements_covered_display": "100.00"}, "missing_lines": [], "excluded_lines": []}, "": {"executed_lines": [1, 4, 5, 6], "summary": {"covered_lines": 4, "num_statements": 4, "percent_covered": 100.0, "percent_covered_display": "100.00", "missing_lines": 0, "excluded_lines": 0, "percent_statements_covered": 100.0, "percent_statements_covered_display": "100.00"}, "missing_lines": [], "excluded_lines": []}}}, "accounts/fields.py": {"executed_lines": [1, 2, 3, 6, 7, 8, 9, 10, 11, 15, 16, 17, 18, 19, 23, 33, 34, 35, 36, 42, 43, 44, 50, 61, 62, 63, 65, 66, 68, 69, 70, 74, 75, 77, 78, 81, 82, 86], "summary": {"covered_lines": 38, "num_statements": 87, "percent_covered": 43.67816091954023, "percent_covered_display": "43.68", "missing_lines": 49, "excluded_lines": 0, "percent_statements_covered": 43.67816091954023, "percent_statements_covered_display": "43.68"}, "missing_lines": [12, 13, 20, 21, 24, 25, 26, 27, 28, 29, 30, 37, 38, 39, 40, 45, 46, 47, 48, 51, 52, 53, 54, 55, 56, 57, 58, 64, 71, 72, 76, 79, 80, 83, 84, 87, 88, 89, 90, 91, 92, 93, 94, 95, 96, 97, 98, 99, 100], "excluded_lines": [], "functions": {"EncryptedCharField.get_prep_value": {"executed_lines": [8, 9, 10, 11], "summary": {"covered_lines": 4, "num_statements": 6, "percent_covered": 66.66666666666667, "percent_covered_display": "66.67", "missing_lines": 2, "excluded_lines": 0, "percent_statements_covered": 66.66666666666667, "percent_statements_covered_display": "66.67"}, "missing_lines": [12, 13], "excluded_lines": []}, "EncryptedCharField.from_db_value": {"executed_lines": [16, 17, 18, 19], "summary": {"covered_lines": 4, "num_statements": 6, "percent_covered": 66.66666666666667, "percent_covered_display": "66.67", "missing_lines": 2, "excluded_lines": 0, "percent_statements_covered": 66.66666666666667, "percent_statements_covered_display": "66.67"}, "missing_lines": [20, 21], "excluded_lines": []}, "EncryptedCharField.to_python": {"executed_lines": [], "summary": {"covered_lines": 0, "num_statements": 7, "percent_covered": 0.0, "percent_covered_display": "0.00", "missing_lines": 7, "excluded_lines": 0, "percent_statements_covered": 0.0, "percent_statements_covered_display": "0.00"}, "missing_lines": [24, 25, 26, 27, 28, 29, 30], "excluded_lines": []}, "EncryptedTextField.get_prep_value": {"executed_lines": [35, 36], "summary": {"covered_lines": 2, "num_statements": 6, "percent_covered": 33.333333333333336, "percent_covered_display": "33.33", "missing_lines": 4, "excluded_lines": 0, "percent_statements_covered": 33.333333333333336, "percent_statements_covered_display": "33.33"}, "missing_lines": [37, 38, 39, 40], "excluded_lines": []}, "EncryptedTextField.from_db_value": {"executed_lines": [43, 44], "summary": {"covered_lines": 2, "num_statements": 6, "percent_covered": 33.333333333333336, "percent_covered_display": "33.33", "missing_lines": 4, "excluded_lines": 0, "percent_statements_covered": 33.333333333333336, "percent_statements_covered_display": "33.33"}, "missing_lines": [45, 46, 47, 48], "excluded_lines": []}, "EncryptedTextField.to_python": {"executed_lines": [], "summary": {"covered_lines": 0, "num_statements": 8, "percent_covered": 0.0, "percent_covered_display": "0.00", "missing_lines": 8, "excluded_lines": 0, "percent_statements_covered": 0.0, "percent_statements_covered_display": "0.00"}, "missing_lines": [51, 52, 53, 54, 55, 56, 57, 58], "excluded_lines": []}, "EncryptedJSONField.get_prep_value": {"executed_lines": [63, 65, 66, 68, 69, 70], "summary": {"covered_lines": 6, "num_statements": 9, "percent_covered": 66.66666666666667, "percent_covered_display": "66.67", "missing_lines": 3, "excluded_lines": 0, "percent_statements_covered": 66.66666666666667, "percent_statements_covered_display": "66.67"}, "missing_lines": [64, 71, 72], "excluded_lines": []}, "EncryptedJSONField.from_db_value": {"executed_lines": [75, 77, 78, 81, 82], "summary": {"covered_lines": 5, "num_statements": 10, "percent_covered": 50.0, "percent_covered_display": "50.00", "missing_lines": 5, "excluded_lines": 0, "percent_statements_covered": 50.0, "percent_statements_covered_display": "50.00"}, "missing_lines": [76, 79, 80, 83, 84], "excluded_lines": []}, "EncryptedJSONField.to_python": {"executed_lines": [], "summary": {"covered_lines": 0, "num_statements": 14, "percent_covered": 0.0, "percent_covered_display": "0.00", "missing_lines": 14, "excluded_lines": 0, "percent_statements_covered": 0.0, "percent_statements_covered_display": "0.00"}, "missing_lines": [87, 88, 89, 90, 91, 92, 93, 94, 95, 96, 97, 98, 99, 100], "excluded_lines": []}, "": {"executed_lines": [1, 2, 3, 6, 7, 15, 23, 33, 34, 42, 50, 61, 62, 74, 86], "summary": {"covered_lines": 15, "num_statements": 15, "percent_covered": 100.0, "percent_covered_display": "100.00", "missing_lines": 0, "excluded_lines": 0, "percent_statements_covered": 100.0, "percent_statements_covered_display": "100.00"}, "missing_lines": [], "excluded_lines": []}}, "classes": {"EncryptedCharField": {"executed_lines": [8, 9, 10, 11, 16, 17, 18, 19], "summary": {"covered_lines": 8, "num_statements": 19, "percent_covered": 42.10526315789474, "percent_covered_display": "42.11", "missing_lines": 11, "excluded_lines": 0, "percent_statements_covered": 42.10526315789474, "percent_statements_covered_display": "42.11"}, "missing_lines": [12, 13, 20, 21, 24, 25, 26, 27, 28, 29, 30], "excluded_lines": []}, "EncryptedTextField": {"executed_lines": [35, 36, 43, 44], "summary": {"covered_lines": 4, "num_statements": 20, "percent_covered": 20.0, "percent_covered_display": "20.00", "missing_lines": 16, "excluded_lines": 0, "percent_statements_covered": 20.0, "percent_statements_covered_display": "20.00"}, "missing_lines": [37, 38, 39, 40, 45, 46, 47, 48, 51, 52, 53, 54, 55, 56, 57, 58], "excluded_lines": []}, "EncryptedJSONField": {"executed_lines": [63, 65, 66, 68, 69, 70, 75, 77, 78, 81, 82], "summary": {"covered_lines": 11, "num_statements": 33, "percent_covered": 33.333333333333336, "percent_covered_display": "33.33", "missing_lines": 22, "excluded_lines": 0, "percent_statements_covered": 33.333333333333336, "percent_statements_covered_display": "33.33"}, "missing_lines": [64, 71, 72, 76, 79, 80, 83, 84, 87, 88, 89, 90, 91, 92, 93, 94, 95, 96, 97, 98, 99, 100], "excluded_lines": []}, "": {"executed_lines": [1, 2, 3, 6, 7, 15, 23, 33, 34, 42, 50, 61, 62, 74, 86], "summary": {"covered_lines": 15, "num_statements": 15, "percent_covered": 100.0, "percent_covered_display": "100.00", "missing_lines": 0, "excluded_lines": 0, "percent_statements_covered": 100.0, "percent_statements_covered_display": "100.00"}, "missing_lines": [], "excluded_lines": []}}}, "accounts/management/__init__.py": {"executed_lines": [0], "summary": {"covered_lines": 0, "num_statements": 0, "percent_covered": 100.0, "percent_covered_display": "100.00", "missing_lines": 0, "excluded_lines": 0, "percent_statements_covered": 100.0, "percent_statements_covered_display": "100.00"}, "missing_lines": [], "excluded_lines": [], "functions": {"": {"executed_lines": [], "summary": {"covered_lines": 0, "num_statements": 0, "percent_covered": 100.0, "percent_covered_display": "100.00", "missing_lines": 0, "excluded_lines": 0, "percent_statements_covered": 100.0, "percent_statements_covered_display": "100.00"}, "missing_lines": [], "excluded_lines": []}}, "classes": {"": {"executed_lines": [], "summary": {"covered_lines": 0, "num_statements": 0, "percent_covered": 100.0, "percent_covered_display": "100.00", "missing_lines": 0, "excluded_lines": 0, "percent_statements_covered": 100.0, "percent_statements_covered_display": "100.00"}, "missing_lines": [], "excluded_lines": []}}}, "accounts/models.py": {"executed_lines": [4, 5, 6, 7, 8, 9, 10, 11, 12, 15, 16, 18, 20, 21, 22, 23, 24, 25, 26, 28, 30, 31, 33, 34, 35, 36, 38, 41, 42, 47, 48, 51, 54, 60, 61, 62, 63, 64, 71, 77, 78, 84, 86, 91, 93, 99, 105, 116, 123, 129, 136, 143, 148, 155, 160, 164, 173, 177, 181, 191, 195, 205, 209, 213, 223, 227, 236, 240, 249, 250, 251, 252, 258, 259, 261, 262, 263, 265, 266, 268, 269, 270, 271, 272, 273, 275, 280, 281, 283, 286, 288, 289, 291, 292, 293, 294, 297, 299, 300, 338, 339, 343, 344, 345, 346, 348, 349, 350, 351, 353], "summary": {"covered_lines": 107, "num_statements": 125, "percent_covered": 85.6, "percent_covered_display": "85.60", "missing_lines": 18, "excluded_lines": 0, "percent_statements_covered": 85.6, "percent_statements_covered_display": "85.60"}, "missing_lines": [276, 277, 278, 284, 285, 302, 303, 305, 306, 307, 310, 311, 313, 316, 324, 327, 335, 354], "excluded_lines": [], "functions": {"CustomUserManager.create_user": {"executed_lines": [20, 21, 22, 23, 24, 25, 26], "summary": {"covered_lines": 7, "num_statements": 7, "percent_covered": 100.0, "percent_covered_display": "100.00", "missing_lines": 0, "excluded_lines": 0, "percent_statements_covered": 100.0, "percent_statements_covered_display": "100.00"}, "missing_lines": [], "excluded_lines": []}, "CustomUserManager.create_superuser": {"executed_lines": [30, 31, 33, 34, 35, 36, 38], "summary": {"covered_lines": 7, "num_statements": 7, "percent_covered": 100.0, "percent_covered_display": "100.00", "missing_lines": 0, "excluded_lines": 0, "percent_statements_covered": 100.0, "percent_statements_covered_display": "100.00"}, "missing_lines": [], "excluded_lines": []}, "CustomUser.__str__": {"executed_lines": [266], "summary": {"covered_lines": 1, "num_statements": 1, "percent_covered": 100.0, "percent_covered_display": "100.00", "missing_lines": 0, "excluded_lines": 0, "percent_statements_covered": 100.0, "percent_statements_covered_display": "100.00"}, "missing_lines": [], "excluded_lines": []}, "CustomUser.generate_password_reset_token": {"executed_lines": [269, 270, 271, 272, 273], "summary": {"covered_lines": 5, "num_statements": 5, "percent_covered": 100.0, "percent_covered_display": "100.00", "missing_lines": 0, "excluded_lines": 0, "percent_statements_covered": 100.0, "percent_statements_covered_display": "100.00"}, "missing_lines": [], "excluded_lines": []}, "CustomUser.clear_password_reset_token": {"executed_lines": [], "summary": {"covered_lines": 0, "num_statements": 3, "percent_covered": 0.0, "percent_covered_display": "0.00", "missing_lines": 3, "excluded_lines": 0, "percent_statements_covered": 0.0, "percent_statements_covered_display": "0.00"}, "missing_lines": [276, 277, 278], "excluded_lines": []}, "CustomUser.bmi": {"executed_lines": [283, 286], "summary": {"covered_lines": 2, "num_statements": 4, "percent_covered": 50.0, "percent_covered_display": "50.00", "missing_lines": 2, "excluded_lines": 0, "percent_statements_covered": 50.0, "percent_statements_covered_display": "50.00"}, "missing_lines": [284, 285], "excluded_lines": []}, "CustomUser.age": {"executed_lines": [291, 292, 293, 294, 297], "summary": {"covered_lines": 5, "num_statements": 5, "percent_covered": 100.0, "percent_covered_display": "100.00", "missing_lines": 0, "excluded_lines": 0, "percent_statements_covered": 100.0, "percent_statements_covered_display": "100.00"}, "missing_lines": [], "excluded_lines": []}, "CustomUser.daily_calories_target": {"executed_lines": [], "summary": {"covered_lines": 0, "num_statements": 12, "percent_covered": 0.0, "percent_covered_display": "0.00", "missing_lines": 12, "excluded_lines": 0, "percent_statements_covered": 0.0, "percent_statements_covered_display": "0.00"}, "missing_lines": [302, 303, 305, 306, 307, 310, 311, 313, 316, 324, 327, 335], "excluded_lines": []}, "ProfileAuditLog.__str__": {"executed_lines": [], "summary": {"covered_lines": 0, "num_statements": 1, "percent_covered": 0.0, "percent_covered_display": "0.00", "missing_lines": 1, "excluded_lines": 0, "percent_statements_covered": 0.0, "percent_statements_covered_display": "0.00"}, "missing_lines": [354], "excluded_lines": []}, "": {"executed_lines": [4, 5, 6, 7, 8, 9, 10, 11, 12, 15, 16, 18, 28, 41, 42, 47, 48, 51, 54, 60, 61, 62, 63, 64, 71, 77, 78, 84, 86, 91, 93, 99, 105, 116, 123, 129, 136, 143, 148, 155, 160, 164, 173, 177, 181, 191, 195, 205, 209, 213, 223, 227, 236, 240, 249, 250, 251, 252, 258, 259, 261, 262, 263, 265, 268, 275, 280, 281, 288, 289, 299, 300, 338, 339, 343, 344, 345, 346, 348, 349, 350, 351, 353], "summary": {"covered_lines": 80, "num_statements": 80, "percent_covered": 100.0, "percent_covered_display": "100.00", "missing_lines": 0, "excluded_lines": 0, "percent_statements_covered": 100.0, "percent_statements_covered_display": "100.00"}, "missing_lines": [], "excluded_lines": []}}, "classes": {"CustomUserManager": {"executed_lines": [20, 21, 22, 23, 24, 25, 26, 30, 31, 33, 34, 35, 36, 38], "summary": {"covered_lines": 14, "num_statements": 14, "percent_covered": 100.0, "percent_covered_display": "100.00", "missing_lines": 0, "excluded_lines": 0, "percent_statements_covered": 100.0, "percent_statements_covered_display": "100.00"}, "missing_lines": [], "excluded_lines": []}, "CustomUser": {"executed_lines": [266, 269, 270, 271, 272, 273, 283, 286, 291, 292, 293, 294, 297], "summary": {"covered_lines": 13, "num_statements": 30, "percent_covered": 43.333333333333336, "percent_covered_display": "43.33", "missing_lines": 17, "excluded_lines": 0, "percent_statements_covered": 43.333333333333336, "percent_statements_covered_display": "43.33"}, "missing_lines": [276, 277, 278, 284, 285, 302, 303, 305, 306, 307, 310, 311, 313, 316, 324, 327, 335], "excluded_lines": []}, "CustomUser.Meta": {"executed_lines": [], "summary": {"covered_lines": 0, "num_statements": 0, "percent_covered": 100.0, "percent_covered_display": "100.00", "missing_lines": 0, "excluded_lines": 0, "percent_statements_covered": 100.0, "percent_statements_covered_display": "100.00"}, "missing_lines": [], "excluded_lines": []}, "ProfileAuditLog": {"executed_lines": [], "summary": {"covered_lines": 0, "num_statements": 1, "percent_covered": 0.0, "percent_covered_display": "0.00", "missing_lines": 1, "excluded_lines": 0, "percent_statements_covered": 0.0, "percent_statements_covered_display": "0.00"}, "missing_lines": [354], "excluded_lines": []}, "ProfileAuditLog.Meta": {"executed_lines": [], "summary": {"covered_lines": 0, "num_statements": 0, "percent_covered": 100.0, "percent_covered_display": "100.00", "missing_lines": 0, "excluded_lines": 0, "percent_statements_covered": 100.0, "percent_statements_covered_display": "100.00"}, "missing_lines": [], "excluded_lines": []}, "": {"executed_lines": [4, 5, 6, 7, 8, 9, 10, 11, 12, 15, 16, 18, 28, 41, 42, 47, 48, 51, 54, 60, 61, 62, 63, 64, 71, 77, 78, 84, 86, 91, 93, 99, 105, 116, 123, 129, 136, 143, 148, 155, 160, 164, 173, 177, 181, 191, 195, 205, 209, 213, 223, 227, 236, 240, 249, 250, 251, 252, 258, 259, 261, 262, 263, 265, 268, 275, 280, 281, 288, 289, 299, 300, 338, 339, 343, 344, 345, 346, 348, 349, 350, 351, 353], "summary": {"covered_lines": 80, "num_statements": 80, "percent_covered": 100.0, "percent_covered_display": "100.00", "missing_lines": 0, "excluded_lines": 0, "percent_statements_covered": 100.0, "percent_statements_covered_display": "100.00"}, "missing_lines": [], "excluded_lines": []}}}, "accounts/permissions.py": {"executed_lines": [1, 2, 4, 7, 8, 12, 26, 27, 31, 45, 46, 50, 71, 72, 76, 85, 86, 90, 99, 100, 104, 125, 126, 130, 134, 150, 151, 155, 159, 171, 172, 176, 180, 187, 193, 194, 195, 199, 200, 201, 205, 206, 207, 211, 212, 216, 218, 220, 221, 222, 223, 225, 227], "summary": {"covered_lines": 40, "num_statements": 106, "percent_covered": 37.735849056603776, "percent_covered_display": "37.74", "missing_lines": 66, "excluded_lines": 0, "percent_statements_covered": 37.735849056603776, "percent_statements_covered_display": "37.74"}, "missing_lines": [14, 15, 18, 19, 20, 21, 23, 33, 34, 37, 38, 39, 40, 42, 52, 53, 56, 57, 58, 61, 63, 64, 65, 66, 68, 78, 79, 82, 92, 93, 96, 106, 107, 110, 111, 112, 115, 117, 118, 119, 120, 122, 132, 136, 137, 140, 141, 144, 145, 147, 157, 161, 162, 165, 166, 168, 177, 178, 182, 183, 185, 189, 196, 202, 208, 219], "excluded_lines": [], "functions": {"IsOwnerOrAdmin.has_object_permission": {"executed_lines": [], "summary": {"covered_lines": 0, "num_statements": 7, "percent_covered": 0.0, "percent_covered_display": "0.00", "missing_lines": 7, "excluded_lines": 0, "percent_statements_covered": 0.0, "percent_statements_covered_display": "0.00"}, "missing_lines": [14, 15, 18, 19, 20, 21, 23], "excluded_lines": []}, "IsOwnerOrStaff.has_object_permission": {"executed_lines": [], "summary": {"covered_lines": 0, "num_statements": 7, "percent_covered": 0.0, "percent_covered_display": "0.00", "missing_lines": 7, "excluded_lines": 0, "percent_statements_covered": 0.0, "percent_statements_covered_display": "0.00"}, "missing_lines": [33, 34, 37, 38, 39, 40, 42], "excluded_lines": []}, "IsOwnerOrTrainer.has_object_permission": {"executed_lines": [], "summary": {"covered_lines": 0, "num_statements": 11, "percent_covered": 0.0, "percent_covered_display": "0.00", "missing_lines": 11, "excluded_lines": 0, "percent_statements_covered": 0.0, "percent_statements_covered_display": "0.00"}, "missing_lines": [52, 53, 56, 57, 58, 61, 63, 64, 65, 66, 68], "excluded_lines": []}, "IsAdminOrReadOnly.has_permission": {"executed_lines": [], "summary": {"covered_lines": 0, "num_statements": 3, "percent_covered": 0.0, "percent_covered_display": "0.00", "missing_lines": 3, "excluded_lines": 0, "percent_statements_covered": 0.0, "percent_statements_covered_display": "0.00"}, "missing_lines": [78, 79, 82], "excluded_lines": []}, "IsStaffOrReadOnly.has_permission": {"executed_lines": [], "summary": {"covered_lines": 0, "num_statements": 3, "percent_covered": 0.0, "percent_covered_display": "0.00", "missing_lines": 3, "excluded_lines": 0, "percent_statements_covered": 0.0, "percent_statements_covered_display": "0.00"}, "missing_lines": [92, 93, 96], "excluded_lines": []}, "IsOwnerOrAdminOrTrainer.has_object_permission": {"executed_lines": [], "summary": {"covered_lines": 0, "num_statements": 11, "percent_covered": 0.0, "percent_covered_display": "0.00", "missing_lines": 11, "excluded_lines": 0, "percent_statements_covered": 0.0, "percent_statements_covered_display": "0.00"}, "missing_lines": [106, 107, 110, 111, 112, 115, 117, 118, 119, 120, 122], "excluded_lines": []}, "UserProfilePermission.has_permission": {"executed_lines": [], "summary": {"covered_lines": 0, "num_statements": 1, "percent_covered": 0.0, "percent_covered_display": "0.00", "missing_lines": 1, "excluded_lines": 0, "percent_statements_covered": 0.0, "percent_statements_covered_display": "0.00"}, "missing_lines": [132], "excluded_lines": []}, "UserProfilePermission.has_object_permission": {"executed_lines": [], "summary": {"covered_lines": 0, "num_statements": 7, "percent_covered": 0.0, "percent_covered_display": "0.00", "missing_lines": 7, "excluded_lines": 0, "percent_statements_covered": 0.0, "percent_statements_covered_display": "0.00"}, "missing_lines": [136, 137, 140, 141, 144, 145, 147], "excluded_lines": []}, "UserManagementPermission.has_permission": {"executed_lines": [], "summary": {"covered_lines": 0, "num_statements": 1, "percent_covered": 0.0, "percent_covered_display": "0.00", "missing_lines": 1, "excluded_lines": 0, "percent_statements_covered": 0.0, "percent_statements_covered_display": "0.00"}, "missing_lines": [157], "excluded_lines": []}, "UserManagementPermission.has_object_permission": {"executed_lines": [], "summary": {"covered_lines": 0, "num_statements": 5, "percent_covered": 0.0, "percent_covered_display": "0.00", "missing_lines": 5, "excluded_lines": 0, "percent_statements_covered": 0.0, "percent_statements_covered_display": "0.00"}, "missing_lines": [161, 162, 165, 166, 168], "excluded_lines": []}, "RoleBasedPermission.__init__": {"executed_lines": [], "summary": {"covered_lines": 0, "num_statements": 2, "percent_covered": 0.0, "percent_covered_display": "0.00", "missing_lines": 2, "excluded_lines": 0, "percent_statements_covered": 0.0, "percent_statements_covered_display": "0.00"}, "missing_lines": [177, 178], "excluded_lines": []}, "RoleBasedPermission.has_permission": {"executed_lines": [], "summary": {"covered_lines": 0, "num_statements": 3, "percent_covered": 0.0, "percent_covered_display": "0.00", "missing_lines": 3, "excluded_lines": 0, "percent_statements_covered": 0.0, "percent_statements_covered_display": "0.00"}, "missing_lines": [182, 183, 185], "excluded_lines": []}, "RoleBasedPermission.has_object_permission": {"executed_lines": [], "summary": {"covered_lines": 0, "num_statements": 1, "percent_covered": 0.0, "percent_covered_display": "0.00", "missing_lines": 1, "excluded_lines": 0, "percent_statements_covered": 0.0, "percent_statements_covered_display": "0.00"}, "missing_lines": [189], "excluded_lines": []}, "IsAdminOnly.__init__": {"executed_lines": [], "summary": {"covered_lines": 0, "num_statements": 1, "percent_covered": 0.0, "percent_covered_display": "0.00", "missing_lines": 1, "excluded_lines": 0, "percent_statements_covered": 0.0, "percent_statements_covered_display": "0.00"}, "missing_lines": [196], "excluded_lines": []}, "IsTrainerOrAdmin.__init__": {"executed_lines": [], "summary": {"covered_lines": 0, "num_statements": 1, "percent_covered": 0.0, "percent_covered_display": "0.00", "missing_lines": 1, "excluded_lines": 0, "percent_statements_covered": 0.0, "percent_statements_covered_display": "0.00"}, "missing_lines": [202], "excluded_lines": []}, "IsMemberOrStaff.__init__": {"executed_lines": [], "summary": {"covered_lines": 0, "num_statements": 1, "percent_covered": 0.0, "percent_covered_display": "0.00", "missing_lines": 1, "excluded_lines": 0, "percent_statements_covered": 0.0, "percent_statements_covered_display": "0.00"}, "missing_lines": [208], "excluded_lines": []}, "IsAdminOrStaff.has_permission": {"executed_lines": [218, 220, 221, 222, 223], "summary": {"covered_lines": 5, "num_statements": 6, "percent_covered": 83.33333333333333, "percent_covered_display": "83.33", "missing_lines": 1, "excluded_lines": 0, "percent_statements_covered": 83.33333333333333, "percent_statements_covered_display": "83.33"}, "missing_lines": [219], "excluded_lines": []}, "IsAdminOrStaff.has_object_permission": {"executed_lines": [227], "summary": {"covered_lines": 1, "num_statements": 1, "percent_covered": 100.0, "percent_covered_display": "100.00", "missing_lines": 0, "excluded_lines": 0, "percent_statements_covered": 100.0, "percent_statements_covered_display": "100.00"}, "missing_lines": [], "excluded_lines": []}, "": {"executed_lines": [1, 2, 4, 7, 8, 12, 26, 27, 31, 45, 46, 50, 71, 72, 76, 85, 86, 90, 99, 100, 104, 125, 126, 130, 134, 150, 151, 155, 159, 171, 172, 176, 180, 187, 193, 194, 195, 199, 200, 201, 205, 206, 207, 211, 212, 216, 225], "summary": {"covered_lines": 34, "num_statements": 34, "percent_covered": 100.0, "percent_covered_display": "100.00", "missing_lines": 0, "excluded_lines": 0, "percent_statements_covered": 100.0, "percent_statements_covered_display": "100.00"}, "missing_lines": [], "excluded_lines": []}}, "classes": {"IsOwnerOrAdmin": {"executed_lines": [], "summary": {"covered_lines": 0, "num_statements": 7, "percent_covered": 0.0, "percent_covered_display": "0.00", "missing_lines": 7, "excluded_lines": 0, "percent_statements_covered": 0.0, "percent_statements_covered_display": "0.00"}, "missing_lines": [14, 15, 18, 19, 20, 21, 23], "excluded_lines": []}, "IsOwnerOrStaff": {"executed_lines": [], "summary": {"covered_lines": 0, "num_statements": 7, "percent_covered": 0.0, "percent_covered_display": "0.00", "missing_lines": 7, "excluded_lines": 0, "percent_statements_covered": 0.0, "percent_statements_covered_display": "0.00"}, "missing_lines": [33, 34, 37, 38, 39, 40, 42], "excluded_lines": []}, "IsOwnerOrTrainer": {"executed_lines": [], "summary": {"covered_lines": 0, "num_statements": 11, "percent_covered": 0.0, "percent_covered_display": "0.00", "missing_lines": 11, "excluded_lines": 0, "percent_statements_covered": 0.0, "percent_statements_covered_display": "0.00"}, "missing_lines": [52, 53, 56, 57, 58, 61, 63, 64, 65, 66, 68], "excluded_lines": []}, "IsAdminOrReadOnly": {"executed_lines": [], "summary": {"covered_lines": 0, "num_statements": 3, "percent_covered": 0.0, "percent_covered_display": "0.00", "missing_lines": 3, "excluded_lines": 0, "percent_statements_covered": 0.0, "percent_statements_covered_display": "0.00"}, "missing_lines": [78, 79, 82], "excluded_lines": []}, "IsStaffOrReadOnly": {"executed_lines": [], "summary": {"covered_lines": 0, "num_statements": 3, "percent_covered": 0.0, "percent_covered_display": "0.00", "missing_lines": 3, "excluded_lines": 0, "percent_statements_covered": 0.0, "percent_statements_covered_display": "0.00"}, "missing_lines": [92, 93, 96], "excluded_lines": []}, "IsOwnerOrAdminOrTrainer": {"executed_lines": [], "summary": {"covered_lines": 0, "num_statements": 11, "percent_covered": 0.0, "percent_covered_display": "0.00", "missing_lines": 11, "excluded_lines": 0, "percent_statements_covered": 0.0, "percent_statements_covered_display": "0.00"}, "missing_lines": [106, 107, 110, 111, 112, 115, 117, 118, 119, 120, 122], "excluded_lines": []}, "UserProfilePermission": {"executed_lines": [], "summary": {"covered_lines": 0, "num_statements": 8, "percent_covered": 0.0, "percent_covered_display": "0.00", "missing_lines": 8, "excluded_lines": 0, "percent_statements_covered": 0.0, "percent_statements_covered_display": "0.00"}, "missing_lines": [132, 136, 137, 140, 141, 144, 145, 147], "excluded_lines": []}, "UserManagementPermission": {"executed_lines": [], "summary": {"covered_lines": 0, "num_statements": 6, "percent_covered": 0.0, "percent_covered_display": "0.00", "missing_lines": 6, "excluded_lines": 0, "percent_statements_covered": 0.0, "percent_statements_covered_display": "0.00"}, "missing_lines": [157, 161, 162, 165, 166, 168], "excluded_lines": []}, "RoleBasedPermission": {"executed_lines": [], "summary": {"covered_lines": 0, "num_statements": 6, "percent_covered": 0.0, "percent_covered_display": "0.00", "missing_lines": 6, "excluded_lines": 0, "percent_statements_covered": 0.0, "percent_statements_covered_display": "0.00"}, "missing_lines": [177, 178, 182, 183, 185, 189], "excluded_lines": []}, "IsAdminOnly": {"executed_lines": [], "summary": {"covered_lines": 0, "num_statements": 1, "percent_covered": 0.0, "percent_covered_display": "0.00", "missing_lines": 1, "excluded_lines": 0, "percent_statements_covered": 0.0, "percent_statements_covered_display": "0.00"}, "missing_lines": [196], "excluded_lines": []}, "IsTrainerOrAdmin": {"executed_lines": [], "summary": {"covered_lines": 0, "num_statements": 1, "percent_covered": 0.0, "percent_covered_display": "0.00", "missing_lines": 1, "excluded_lines": 0, "percent_statements_covered": 0.0, "percent_statements_covered_display": "0.00"}, "missing_lines": [202], "excluded_lines": []}, "IsMemberOrStaff": {"executed_lines": [], "summary": {"covered_lines": 0, "num_statements": 1, "percent_covered": 0.0, "percent_covered_display": "0.00", "missing_lines": 1, "excluded_lines": 0, "percent_statements_covered": 0.0, "percent_statements_covered_display": "0.00"}, "missing_lines": [208], "excluded_lines": []}, "IsAdminOrStaff": {"executed_lines": [218, 220, 221, 222, 223, 227], "summary": {"covered_lines": 6, "num_statements": 7, "percent_covered": 85.71428571428571, "percent_covered_display": "85.71", "missing_lines": 1, "excluded_lines": 0, "percent_statements_covered": 85.71428571428571, "percent_statements_covered_display": "85.71"}, "missing_lines": [219], "excluded_lines": []}, "": {"executed_lines": [1, 2, 4, 7, 8, 12, 26, 27, 31, 45, 46, 50, 71, 72, 76, 85, 86, 90, 99, 100, 104, 125, 126, 130, 134, 150, 151, 155, 159, 171, 172, 176, 180, 187, 193, 194, 195, 199, 200, 201, 205, 206, 207, 211, 212, 216, 225], "summary": {"covered_lines": 34, "num_statements": 34, "percent_covered": 100.0, "percent_covered_display": "100.00", "missing_lines": 0, "excluded_lines": 0, "percent_statements_covered": 100.0, "percent_statements_covered_display": "100.00"}, "missing_lines": [], "excluded_lines": []}}}, "accounts/serializers.py": {"executed_lines": [2, 3, 5, 6, 8, 9, 10, 12, 13, 14, 27, 29, 30, 35, 37, 38, 40, 41, 42, 43, 44, 45, 46, 47, 48, 49, 50, 51, 53, 54, 55, 81, 83, 88, 89, 91, 92, 94, 95, 97, 99, 100, 101, 104, 105, 110, 112, 113, 115, 116, 117, 127, 128, 129, 130, 131, 133, 134, 135, 142, 148, 149, 151, 153, 154, 155, 158, 159, 162, 164, 169, 179, 180, 181, 188, 189, 191, 192, 193, 194, 196, 197, 199, 200, 201, 203, 204, 206, 207, 208, 214, 229, 242, 247, 252, 257, 267], "summary": {"covered_lines": 91, "num_statements": 169, "percent_covered": 53.84615384615385, "percent_covered_display": "53.85", "missing_lines": 78, "excluded_lines": 0, "percent_statements_covered": 53.84615384615385, "percent_statements_covered_display": "53.85"}, "missing_lines": [31, 32, 33, 34, 86, 96, 102, 106, 107, 108, 109, 150, 165, 182, 183, 185, 230, 231, 232, 234, 235, 236, 237, 238, 239, 240, 243, 244, 245, 248, 249, 250, 253, 254, 255, 258, 259, 260, 261, 262, 263, 265, 269, 270, 271, 272, 273, 276, 277, 278, 280, 281, 283, 285, 286, 287, 289, 290, 292, 298, 299, 300, 301, 302, 303, 304, 305, 306, 307, 312, 315, 316, 317, 318, 319, 320, 322, 323], "excluded_lines": [], "functions": {"UserProfileSerializer.get_profile_picture_url": {"executed_lines": [30, 35], "summary": {"covered_lines": 2, "num_statements": 6, "percent_covered": 33.333333333333336, "percent_covered_display": "33.33", "missing_lines": 4, "excluded_lines": 0, "percent_statements_covered": 33.333333333333336, "percent_statements_covered_display": "33.33"}, "missing_lines": [31, 32, 33, 34], "excluded_lines": []}, "AdminUserSerializer.update": {"executed_lines": [], "summary": {"covered_lines": 0, "num_statements": 1, "percent_covered": 0.0, "percent_covered_display": "0.00", "missing_lines": 1, "excluded_lines": 0, "percent_statements_covered": 0.0, "percent_statements_covered_display": "0.00"}, "missing_lines": [86], "excluded_lines": []}, "AdminUserSerializer.get_is_staff_display": {"executed_lines": [89], "summary": {"covered_lines": 1, "num_statements": 1, "percent_covered": 100.0, "percent_covered_display": "100.00", "missing_lines": 0, "excluded_lines": 0, "percent_statements_covered": 100.0, "percent_statements_covered_display": "100.00"}, "missing_lines": [], "excluded_lines": []}, "AdminUserSerializer.get_is_superuser_display": {"executed_lines": [92], "summary": {"covered_lines": 1, "num_statements": 1, "percent_covered": 100.0, "percent_covered_display": "100.00", "missing_lines": 0, "excluded_lines": 0, "percent_statements_covered": 100.0, "percent_statements_covered_display": "100.00"}, "missing_lines": [], "excluded_lines": []}, "AdminUserSerializer.get_last_login_formatted": {"executed_lines": [95, 97], "summary": {"covered_lines": 2, "num_statements": 3, "percent_covered": 66.66666666666667, "percent_covered_display": "66.67", "missing_lines": 1, "excluded_lines": 0, "percent_statements_covered": 66.66666666666667, "percent_statements_covered_display": "66.67"}, "missing_lines": [96], "excluded_lines": []}, "AdminUserSerializer.get_created_at_formatted": {"executed_lines": [100, 101], "summary": {"covered_lines": 2, "num_statements": 3, "percent_covered": 66.66666666666667, "percent_covered_display": "66.67", "missing_lines": 1, "excluded_lines": 0, "percent_statements_covered": 66.66666666666667, "percent_statements_covered_display": "66.67"}, "missing_lines": [102], "excluded_lines": []}, "AdminUserSerializer.get_profile_picture_url": {"executed_lines": [105, 110], "summary": {"covered_lines": 2, "num_statements": 6, "percent_covered": 33.333333333333336, "percent_covered_display": "33.33", "missing_lines": 4, "excluded_lines": 0, "percent_statements_covered": 33.333333333333336, "percent_statements_covered_display": "33.33"}, "missing_lines": [106, 107, 108, 109], "excluded_lines": []}, "UserRegistrationSerializer.validate": {"executed_lines": [149, 151], "summary": {"covered_lines": 2, "num_statements": 3, "percent_covered": 66.66666666666667, "percent_covered_display": "66.67", "missing_lines": 1, "excluded_lines": 0, "percent_statements_covered": 66.66666666666667, "percent_statements_covered_display": "66.67"}, "missing_lines": [150], "excluded_lines": []}, "UserRegistrationSerializer.create": {"executed_lines": [154, 155, 158, 159, 162, 164, 169, 179, 180, 181, 188, 189, 191, 192, 193, 194], "summary": {"covered_lines": 16, "num_statements": 20, "percent_covered": 80.0, "percent_covered_display": "80.00", "missing_lines": 4, "excluded_lines": 0, "percent_statements_covered": 80.0, "percent_statements_covered_display": "80.00"}, "missing_lines": [165, 182, 183, 185], "excluded_lines": []}, "InitialRegistrationSerializer.validate_birth_date": {"executed_lines": [], "summary": {"covered_lines": 0, "num_statements": 10, "percent_covered": 0.0, "percent_covered_display": "0.00", "missing_lines": 10, "excluded_lines": 0, "percent_statements_covered": 0.0, "percent_statements_covered_display": "0.00"}, "missing_lines": [230, 231, 232, 234, 235, 236, 237, 238, 239, 240], "excluded_lines": []}, "InitialRegistrationSerializer.validate_height": {"executed_lines": [], "summary": {"covered_lines": 0, "num_statements": 3, "percent_covered": 0.0, "percent_covered_display": "0.00", "missing_lines": 3, "excluded_lines": 0, "percent_statements_covered": 0.0, "percent_statements_covered_display": "0.00"}, "missing_lines": [243, 244, 245], "excluded_lines": []}, "InitialRegistrationSerializer.validate_weight": {"executed_lines": [], "summary": {"covered_lines": 0, "num_statements": 3, "percent_covered": 0.0, "percent_covered_display": "0.00", "missing_lines": 3, "excluded_lines": 0, "percent_statements_covered": 0.0, "percent_statements_covered_display": "0.00"}, "missing_lines": [248, 249, 250], "excluded_lines": []}, "InitialRegistrationSerializer.validate_training_days_per_week": {"executed_lines": [], "summary": {"covered_lines": 0, "num_statements": 3, "percent_covered": 0.0, "percent_covered_display": "0.00", "missing_lines": 3, "excluded_lines": 0, "percent_statements_covered": 0.0, "percent_statements_covered_display": "0.00"}, "missing_lines": [253, 254, 255], "excluded_lines": []}, "InitialRegistrationSerializer.validate_training_days": {"executed_lines": [], "summary": {"covered_lines": 0, "num_statements": 7, "percent_covered": 0.0, "percent_covered_display": "0.00", "missing_lines": 7, "excluded_lines": 0, "percent_statements_covered": 0.0, "percent_statements_covered_display": "0.00"}, "missing_lines": [258, 259, 260, 261, 262, 263, 265], "excluded_lines": []}, "InitialRegistrationSerializer.save": {"executed_lines": [], "summary": {"covered_lines": 0, "num_statements": 36, "percent_covered": 0.0, "percent_covered_display": "0.00", "missing_lines": 36, "excluded_lines": 0, "percent_statements_covered": 0.0, "percent_statements_covered_display": "0.00"}, "missing_lines": [269, 270, 271, 272, 273, 276, 277, 278, 280, 281, 283, 285, 286, 287, 289, 290, 292, 298, 299, 300, 301, 302, 303, 304, 305, 306, 307, 312, 315, 316, 317, 318, 319, 320, 322, 323], "excluded_lines": []}, "": {"executed_lines": [2, 3, 5, 6, 8, 9, 10, 12, 13, 14, 27, 29, 37, 38, 40, 41, 42, 43, 44, 45, 46, 47, 48, 49, 50, 51, 53, 54, 55, 81, 83, 88, 91, 94, 99, 104, 112, 113, 115, 116, 117, 127, 128, 129, 130, 131, 133, 134, 135, 142, 148, 153, 196, 197, 199, 200, 201, 203, 204, 206, 207, 208, 214, 229, 242, 247, 252, 257, 267], "summary": {"covered_lines": 63, "num_statements": 63, "percent_covered": 100.0, "percent_covered_display": "100.00", "missing_lines": 0, "excluded_lines": 0, "percent_statements_covered": 100.0, "percent_statements_covered_display": "100.00"}, "missing_lines": [], "excluded_lines": []}}, "classes": {"UserProfileSerializer": {"executed_lines": [30, 35], "summary": {"covered_lines": 2, "num_statements": 6, "percent_covered": 33.333333333333336, "percent_covered_display": "33.33", "missing_lines": 4, "excluded_lines": 0, "percent_statements_covered": 33.333333333333336, "percent_statements_covered_display": "33.33"}, "missing_lines": [31, 32, 33, 34], "excluded_lines": []}, "UserProfileSerializer.Meta": {"executed_lines": [], "summary": {"covered_lines": 0, "num_statements": 0, "percent_covered": 100.0, "percent_covered_display": "100.00", "missing_lines": 0, "excluded_lines": 0, "percent_statements_covered": 100.0, "percent_statements_covered_display": "100.00"}, "missing_lines": [], "excluded_lines": []}, "AdminUserSerializer": {"executed_lines": [89, 92, 95, 97, 100, 101, 105, 110], "summary": {"covered_lines": 8, "num_statements": 15, "percent_covered": 53.333333333333336, "percent_covered_display": "53.33", "missing_lines": 7, "excluded_lines": 0, "percent_statements_covered": 53.333333333333336, "percent_statements_covered_display": "53.33"}, "missing_lines": [86, 96, 102, 106, 107, 108, 109], "excluded_lines": []}, "AdminUserSerializer.Meta": {"executed_lines": [], "summary": {"covered_lines": 0, "num_statements": 0, "percent_covered": 100.0, "percent_covered_display": "100.00", "missing_lines": 0, "excluded_lines": 0, "percent_statements_covered": 100.0, "percent_statements_covered_display": "100.00"}, "missing_lines": [], "excluded_lines": []}, "UserProfileUpdateSerializer": {"executed_lines": [], "summary": {"covered_lines": 0, "num_statements": 0, "percent_covered": 100.0, "percent_covered_display": "100.00", "missing_lines": 0, "excluded_lines": 0, "percent_statements_covered": 100.0, "percent_statements_covered_display": "100.00"}, "missing_lines": [], "excluded_lines": []}, "UserProfileUpdateSerializer.Meta": {"executed_lines": [], "summary": {"covered_lines": 0, "num_statements": 0, "percent_covered": 100.0, "percent_covered_display": "100.00", "missing_lines": 0, "excluded_lines": 0, "percent_statements_covered": 100.0, "percent_statements_covered_display": "100.00"}, "missing_lines": [], "excluded_lines": []}, "UserRegistrationSerializer": {"executed_lines": [149, 151, 154, 155, 158, 159, 162, 164, 169, 179, 180, 181, 188, 189, 191, 192, 193, 194], "summary": {"covered_lines": 18, "num_statements": 23, "percent_covered": 78.26086956521739, "percent_covered_display": "78.26", "missing_lines": 5, "excluded_lines": 0, "percent_statements_covered": 78.26086956521739, "percent_statements_covered_display": "78.26"}, "missing_lines": [150, 165, 182, 183, 185], "excluded_lines": []}, "UserRegistrationSerializer.Meta": {"executed_lines": [], "summary": {"covered_lines": 0, "num_statements": 0, "percent_covered": 100.0, "percent_covered_display": "100.00", "missing_lines": 0, "excluded_lines": 0, "percent_statements_covered": 100.0, "percent_statements_covered_display": "100.00"}, "missing_lines": [], "excluded_lines": []}, "UserGoalsSerializer": {"executed_lines": [], "summary": {"covered_lines": 0, "num_statements": 0, "percent_covered": 100.0, "percent_covered_display": "100.00", "missing_lines": 0, "excluded_lines": 0, "percent_statements_covered": 100.0, "percent_statements_covered_display": "100.00"}, "missing_lines": [], "excluded_lines": []}, "UserGoalsSerializer.Meta": {"executed_lines": [], "summary": {"covered_lines": 0, "num_statements": 0, "percent_covered": 100.0, "percent_covered_display": "100.00", "missing_lines": 0, "excluded_lines": 0, "percent_statements_covered": 100.0, "percent_statements_covered_display": "100.00"}, "missing_lines": [], "excluded_lines": []}, "InitialRegistrationSerializer": {"executed_lines": [], "summary": {"covered_lines": 0, "num_statements": 62, "percent_covered": 0.0, "percent_covered_display": "0.00", "missing_lines": 62, "excluded_lines": 0, "percent_statements_covered": 0.0, "percent_statements_covered_display": "0.00"}, "missing_lines": [230, 231, 232, 234, 235, 236, 237, 238, 239, 240, 243, 244, 245, 248, 249, 250, 253, 254, 255, 258, 259, 260, 261, 262, 263, 265, 269, 270, 271, 272, 273, 276, 277, 278, 280, 281, 283, 285, 286, 287, 289, 290, 292, 298, 299, 300, 301, 302, 303, 304, 305, 306, 307, 312, 315, 316, 317, 318, 319, 320, 322, 323], "excluded_lines": []}, "InitialRegistrationSerializer.Meta": {"executed_lines": [], "summary": {"covered_lines": 0, "num_statements": 0, "percent_covered": 100.0, "percent_covered_display": "100.00", "missing_lines": 0, "excluded_lines": 0, "percent_statements_covered": 100.0, "percent_statements_covered_display": "100.00"}, "missing_lines": [], "excluded_lines": []}, "": {"executed_lines": [2, 3, 5, 6, 8, 9, 10, 12, 13, 14, 27, 29, 37, 38, 40, 41, 42, 43, 44, 45, 46, 47, 48, 49, 50, 51, 53, 54, 55, 81, 83, 88, 91, 94, 99, 104, 112, 113, 115, 116, 117, 127, 128, 129, 130, 131, 133, 134, 135, 142, 148, 153, 196, 197, 199, 200, 201, 203, 204, 206, 207, 208, 214, 229, 242, 247, 252, 257, 267], "summary": {"covered_lines": 63, "num_statements": 63, "percent_covered": 100.0, "percent_covered_display": "100.00", "missing_lines": 0, "excluded_lines": 0, "percent_statements_covered": 100.0, "percent_statements_covered_display": "100.00"}, "missing_lines": [], "excluded_lines": []}}}, "accounts/services.py": {"executed_lines": [6, 7, 8, 10, 13, 18, 21, 23, 31, 34, 37, 38, 42, 45, 50, 52, 54, 64, 70, 73, 78, 81, 113, 119, 120, 121, 122, 124, 129, 130, 131, 136, 155, 156, 169, 170, 172, 177, 178, 286, 289, 290, 291, 292, 293, 294, 297, 298, 301, 302, 304, 306, 309, 314, 319, 331, 333, 335, 336, 337, 338, 339, 342, 344, 346, 347], "summary": {"covered_lines": 64, "num_statements": 146, "percent_covered": 43.83561643835616, "percent_covered_display": "43.84", "missing_lines": 82, "excluded_lines": 0, "percent_statements_covered": 43.83561643835616, "percent_statements_covered_display": "43.84"}, "missing_lines": [24, 29, 32, 55, 61, 65, 66, 67, 68, 74, 86, 87, 89, 96, 97, 98, 99, 100, 101, 102, 103, 104, 105, 106, 107, 108, 110, 179, 185, 186, 189, 207, 211, 213, 219, 220, 222, 225, 227, 239, 242, 256, 257, 268, 271, 284, 315, 316, 320, 327, 328, 352, 353, 358, 359, 361, 367, 390, 391, 403, 404, 409, 410, 412, 418, 419, 422, 439, 443, 444, 449, 451, 452, 454, 456, 467, 470, 484, 485, 496, 499, 512], "excluded_lines": [], "functions": {"get_default_workout_program_for_user": {"executed_lines": [18, 21, 23, 31, 34, 37, 38, 42], "summary": {"covered_lines": 8, "num_statements": 11, "percent_covered": 72.72727272727273, "percent_covered_display": "72.73", "missing_lines": 3, "excluded_lines": 0, "percent_statements_covered": 72.72727272727273, "percent_statements_covered_display": "72.73"}, "missing_lines": [24, 29, 32], "excluded_lines": []}, "get_default_nutrition_plan_for_user": {"executed_lines": [50, 52, 54, 64, 70, 73, 78], "summary": {"covered_lines": 7, "num_statements": 14, "percent_covered": 50.0, "percent_covered_display": "50.00", "missing_lines": 7, "excluded_lines": 0, "percent_statements_covered": 50.0, "percent_statements_covered_display": "50.00"}, "missing_lines": [55, 61, 65, 66, 67, 68, 74], "excluded_lines": []}, "normalize_training_days": {"executed_lines": [], "summary": {"covered_lines": 0, "num_statements": 17, "percent_covered": 0.0, "percent_covered_display": "0.00", "missing_lines": 17, "excluded_lines": 0, "percent_statements_covered": 0.0, "percent_statements_covered_display": "0.00"}, "missing_lines": [86, 87, 89, 96, 97, 98, 99, 100, 101, 102, 103, 104, 105, 106, 107, 108, 110], "excluded_lines": []}, "assign_default_plans_to_user": {"executed_lines": [119, 120, 121, 122, 124, 129, 130, 131, 136, 155, 156, 169, 170, 172, 177, 178, 286], "summary": {"covered_lines": 17, "num_statements": 36, "percent_covered": 47.22222222222222, "percent_covered_display": "47.22", "missing_lines": 19, "excluded_lines": 0, "percent_statements_covered": 47.22222222222222, "percent_statements_covered_display": "47.22"}, "missing_lines": [179, 185, 186, 189, 207, 211, 213, 219, 220, 222, 225, 227, 239, 242, 256, 257, 268, 271, 284], "excluded_lines": []}, "AssignmentResult.__init__": {"executed_lines": [292, 293, 294], "summary": {"covered_lines": 3, "num_statements": 3, "percent_covered": 100.0, "percent_covered_display": "100.00", "missing_lines": 0, "excluded_lines": 0, "percent_statements_covered": 100.0, "percent_statements_covered_display": "100.00"}, "missing_lines": [], "excluded_lines": []}, "DefaultPlanAssignmentService.__init__": {"executed_lines": [302], "summary": {"covered_lines": 1, "num_statements": 1, "percent_covered": 100.0, "percent_covered_display": "100.00", "missing_lines": 0, "excluded_lines": 0, "percent_statements_covered": 100.0, "percent_statements_covered_display": "100.00"}, "missing_lines": [], "excluded_lines": []}, "DefaultPlanAssignmentService.find_best_configuration": {"executed_lines": [306, 309, 314, 319, 331], "summary": {"covered_lines": 5, "num_statements": 10, "percent_covered": 50.0, "percent_covered_display": "50.00", "missing_lines": 5, "excluded_lines": 0, "percent_statements_covered": 50.0, "percent_statements_covered_display": "50.00"}, "missing_lines": [315, 316, 320, 327, 328], "excluded_lines": []}, "DefaultPlanAssignmentService.assign": {"executed_lines": [335, 336, 337, 338, 339, 342, 344, 346, 347], "summary": {"covered_lines": 9, "num_statements": 40, "percent_covered": 22.5, "percent_covered_display": "22.50", "missing_lines": 31, "excluded_lines": 0, "percent_statements_covered": 22.5, "percent_statements_covered_display": "22.50"}, "missing_lines": [352, 353, 358, 359, 361, 367, 390, 391, 403, 404, 409, 410, 412, 418, 419, 422, 439, 443, 444, 449, 451, 452, 454, 456, 467, 470, 484, 485, 496, 499, 512], "excluded_lines": []}, "": {"executed_lines": [6, 7, 8, 10, 13, 45, 81, 113, 289, 290, 291, 297, 298, 301, 304, 333], "summary": {"covered_lines": 14, "num_statements": 14, "percent_covered": 100.0, "percent_covered_display": "100.00", "missing_lines": 0, "excluded_lines": 0, "percent_statements_covered": 100.0, "percent_statements_covered_display": "100.00"}, "missing_lines": [], "excluded_lines": []}}, "classes": {"AssignmentResult": {"executed_lines": [292, 293, 294], "summary": {"covered_lines": 3, "num_statements": 3, "percent_covered": 100.0, "percent_covered_display": "100.00", "missing_lines": 0, "excluded_lines": 0, "percent_statements_covered": 100.0, "percent_statements_covered_display": "100.00"}, "missing_lines": [], "excluded_lines": []}, "DefaultPlanAssignmentService": {"executed_lines": [302, 306, 309, 314, 319, 331, 335, 336, 337, 338, 339, 342, 344, 346, 347], "summary": {"covered_lines": 15, "num_statements": 51, "percent_covered": 29.41176470588235, "percent_covered_display": "29.41", "missing_lines": 36, "excluded_lines": 0, "percent_statements_covered": 29.41176470588235, "percent_statements_covered_display": "29.41"}, "missing_lines": [315, 316, 320, 327, 328, 352, 353, 358, 359, 361, 367, 390, 391, 403, 404, 409, 410, 412, 418, 419, 422, 439, 443, 444, 449, 451, 452, 454, 456, 467, 470, 484, 485, 496, 499, 512], "excluded_lines": []}, "": {"executed_lines": [6, 7, 8, 10, 13, 18, 21, 23, 31, 34, 37, 38, 42, 45, 50, 52, 54, 64, 70, 73, 78, 81, 113, 119, 120, 121, 122, 124, 129, 130, 131, 136, 155, 156, 169, 170, 172, 177, 178, 286, 289, 290, 291, 297, 298, 301, 304, 333], "summary": {"covered_lines": 46, "num_statements": 92, "percent_covered": 50.0, "percent_covered_display": "50.00", "missing_lines": 46, "excluded_lines": 0, "percent_statements_covered": 50.0, "percent_statements_covered_display": "50.00"}, "missing_lines": [24, 29, 32, 55, 61, 65, 66, 67, 68, 74, 86, 87, 89, 96, 97, 98, 99, 100, 101, 102, 103, 104, 105, 106, 107, 108, 110, 179, 185, 186, 189, 207, 211, 213, 219, 220, 222, 225, 227, 239, 242, 256, 257, 268, 271, 284], "excluded_lines": []}}}, "accounts/urls.py": {"executed_lines": [2, 3, 4, 12, 14], "summary": {"covered_lines": 5, "num_statements": 5, "percent_covered": 100.0, "percent_covered_display": "100.00", "missing_lines": 0, "excluded_lines": 0, "percent_statements_covered": 100.0, "percent_statements_covered_display": "100.00"}, "missing_lines": [], "excluded_lines": [], "functions": {"": {"executed_lines": [2, 3, 4, 12, 14], "summary": {"covered_lines": 5, "num_statements": 5, "percent_covered": 100.0, "percent_covered_display": "100.00", "missing_lines": 0, "excluded_lines": 0, "percent_statements_covered": 100.0, "percent_statements_covered_display": "100.00"}, "missing_lines": [], "excluded_lines": []}}, "classes": {"": {"executed_lines": [2, 3, 4, 12, 14], "summary": {"covered_lines": 5, "num_statements": 5, "percent_covered": 100.0, "percent_covered_display": "100.00", "missing_lines": 0, "excluded_lines": 0, "percent_statements_covered": 100.0, "percent_statements_covered_display": "100.00"}, "missing_lines": [], "excluded_lines": []}}}, "accounts/views.py": {"executed_lines": [2, 3, 4, 5, 6, 7, 8, 9, 14, 15, 16, 17, 35, 36, 37, 39, 40, 41, 43, 44, 45, 47, 54, 59, 60, 61, 62, 64, 65, 66, 67, 70, 73, 110, 134, 135, 136, 137, 138, 146, 147, 149, 152, 153, 154, 156, 157, 158, 159, 162, 163, 164, 166, 167, 180, 181, 182, 276, 278, 279, 280, 282, 285, 292, 297, 298, 300, 301, 302, 304, 305, 308, 309, 310, 312, 317, 318, 320, 331], "summary": {"covered_lines": 79, "num_statements": 173, "percent_covered": 45.664739884393065, "percent_covered_display": "45.66", "missing_lines": 94, "excluded_lines": 0, "percent_statements_covered": 45.664739884393065, "percent_statements_covered_display": "45.66"}, "missing_lines": [19, 20, 21, 24, 25, 33, 74, 75, 76, 77, 78, 79, 82, 83, 88, 90, 91, 92, 93, 96, 102, 103, 104, 105, 106, 111, 112, 113, 114, 121, 123, 124, 125, 126, 127, 128, 129, 130, 139, 140, 141, 142, 150, 160, 184, 185, 186, 187, 190, 191, 193, 194, 197, 198, 199, 200, 203, 204, 205, 206, 207, 208, 210, 211, 212, 214, 215, 216, 217, 219, 220, 222, 224, 225, 227, 229, 230, 231, 232, 233, 235, 257, 260, 264, 265, 267, 268, 269, 270, 287, 288, 289, 306, 314], "excluded_lines": [], "functions": {"register": {"executed_lines": [], "summary": {"covered_lines": 0, "num_statements": 6, "percent_covered": 0.0, "percent_covered_display": "0.00", "missing_lines": 6, "excluded_lines": 0, "percent_statements_covered": 0.0, "percent_statements_covered_display": "0.00"}, "missing_lines": [19, 20, 21, 24, 25, 33], "excluded_lines": []}, "profile": {"executed_lines": [39, 40, 41, 43, 44, 45, 47, 54, 59, 60, 61, 62, 64, 65, 66, 67, 70, 73, 110, 134, 135, 136, 137, 138, 146, 147, 149], "summary": {"covered_lines": 27, "num_statements": 64, "percent_covered": 42.1875, "percent_covered_display": "42.19", "missing_lines": 37, "excluded_lines": 0, "percent_statements_covered": 42.1875, "percent_statements_covered_display": "42.19"}, "missing_lines": [74, 75, 76, 77, 78, 79, 82, 83, 88, 90, 91, 92, 93, 96, 102, 103, 104, 105, 106, 111, 112, 113, 114, 121, 123, 124, 125, 126, 127, 128, 129, 130, 139, 140, 141, 142, 150], "excluded_lines": []}, "update_goals": {"executed_lines": [156, 157, 158, 159], "summary": {"covered_lines": 4, "num_statements": 5, "percent_covered": 80.0, "percent_covered_display": "80.00", "missing_lines": 1, "excluded_lines": 0, "percent_statements_covered": 80.0, "percent_statements_covered_display": "80.00"}, "missing_lines": [160], "excluded_lines": []}, "profile_summary": {"executed_lines": [166, 167], "summary": {"covered_lines": 2, "num_statements": 2, "percent_covered": 100.0, "percent_covered_display": "100.00", "missing_lines": 0, "excluded_lines": 0, "percent_statements_covered": 100.0, "percent_statements_covered_display": "100.00"}, "missing_lines": [], "excluded_lines": []}, "complete_initial_registration": {"executed_lines": [], "summary": {"covered_lines": 0, "num_statements": 45, "percent_covered": 0.0, "percent_covered_display": "0.00", "missing_lines": 45, "excluded_lines": 0, "percent_statements_covered": 0.0, "percent_statements_covered_display": "0.00"}, "missing_lines": [184, 185, 186, 187, 190, 191, 193, 194, 197, 198, 199, 200, 203, 204, 205, 206, 207, 208, 210, 211, 212, 214, 215, 216, 217, 219, 220, 222, 224, 225, 227, 229, 230, 231, 232, 233, 235, 257, 260, 264, 265, 267, 268, 269, 270], "excluded_lines": []}, "initial_registration_status": {"executed_lines": [282, 285, 292, 297, 298, 300, 301, 302, 304, 305, 308, 309, 310, 312, 317, 318, 320, 331], "summary": {"covered_lines": 18, "num_statements": 23, "percent_covered": 78.26086956521739, "percent_covered_display": "78.26", "missing_lines": 5, "excluded_lines": 0, "percent_statements_covered": 78.26086956521739, "percent_statements_covered_display": "78.26"}, "missing_lines": [287, 288, 289, 306, 314], "excluded_lines": []}, "": {"executed_lines": [2, 3, 4, 5, 6, 7, 8, 9, 14, 15, 16, 17, 35, 36, 37, 152, 153, 154, 162, 163, 164, 180, 181, 182, 276, 278, 279, 280], "summary": {"covered_lines": 28, "num_statements": 28, "percent_covered": 100.0, "percent_covered_display": "100.00", "missing_lines": 0, "excluded_lines": 0, "percent_statements_covered": 100.0, "percent_statements_covered_display": "100.00"}, "missing_lines": [], "excluded_lines": []}}, "classes": {"": {"executed_lines": [2, 3, 4, 5, 6, 7, 8, 9, 14, 15, 16, 17, 35, 36, 37, 39, 40, 41, 43, 44, 45, 47, 54, 59, 60, 61, 62, 64, 65, 66, 67, 70, 73, 110, 134, 135, 136, 137, 138, 146, 147, 149, 152, 153, 154, 156, 157, 158, 159, 162, 163, 164, 166, 167, 180, 181, 182, 276, 278, 279, 280, 282, 285, 292, 297, 298, 300, 301, 302, 304, 305, 308, 309, 310, 312, 317, 318, 320, 331], "summary": {"covered_lines": 79, "num_statements": 173, "percent_covered": 45.664739884393065, "percent_covered_display": "45.66", "missing_lines": 94, "excluded_lines": 0, "percent_statements_covered": 45.664739884393065, "percent_statements_covered_display": "45.66"}, "missing_lines": [19, 20, 21, 24, 25, 33, 74, 75, 76, 77, 78, 79, 82, 83, 88, 90, 91, 92, 93, 96, 102, 103, 104, 105, 106, 111, 112, 113, 114, 121, 123, 124, 125, 126, 127, 128, 129, 130, 139, 140, 141, 142, 150, 160, 184, 185, 186, 187, 190, 191, 193, 194, 197, 198, 199, 200, 203, 204, 205, 206, 207, 208, 210, 211, 212, 214, 215, 216, 217, 219, 220, 222, 224, 225, 227, 229, 230, 231, 232, 233, 235, 257, 260, 264, 265, 267, 268, 269, 270, 287, 288, 289, 306, 314], "excluded_lines": []}}}, "achievements/__init__.py": {"executed_lines": [0], "summary": {"covered_lines": 0, "num_statements": 0, "percent_covered": 100.0, "percent_covered_display": "100.00", "missing_lines": 0, "excluded_lines": 0, "percent_statements_covered": 100.0, "percent_statements_covered_display": "100.00"}, "missing_lines": [], "excluded_lines": [], "functions": {"": {"executed_lines": [], "summary": {"covered_lines": 0, "num_statements": 0, "percent_covered": 100.0, "percent_covered_display": "100.00", "missing_lines": 0, "excluded_lines": 0, "percent_statements_covered": 100.0, "percent_statements_covered_display": "100.00"}, "missing_lines": [], "excluded_lines": []}}, "classes": {"": {"executed_lines": [], "summary": {"covered_lines": 0, "num_statements": 0, "percent_covered": 100.0, "percent_covered_display": "100.00", "missing_lines": 0, "excluded_lines": 0, "percent_statements_covered": 100.0, "percent_statements_covered_display": "100.00"}, "missing_lines": [], "excluded_lines": []}}}, "achievements/admin.py": {"executed_lines": [1, 2, 5, 6, 7, 8, 9, 10, 12, 29, 31, 34, 36, 39, 42, 43, 44, 45, 46, 47, 48, 50, 63, 65, 69], "summary": {"covered_lines": 25, "num_statements": 30, "percent_covered": 83.33333333333333, "percent_covered_display": "83.33", "missing_lines": 5, "excluded_lines": 0, "percent_statements_covered": 83.33333333333333, "percent_statements_covered_display": "83.33"}, "missing_lines": [32, 33, 37, 38, 68], "excluded_lines": [], "functions": {"AchievementAdmin.activate_achievements": {"executed_lines": [], "summary": {"covered_lines": 0, "num_statements": 2, "percent_covered": 0.0, "percent_covered_display": "0.00", "missing_lines": 2, "excluded_lines": 0, "percent_statements_covered": 0.0, "percent_statements_covered_display": "0.00"}, "missing_lines": [32, 33], "excluded_lines": []}, "AchievementAdmin.deactivate_achievements": {"executed_lines": [], "summary": {"covered_lines": 0, "num_statements": 2, "percent_covered": 0.0, "percent_covered_display": "0.00", "missing_lines": 2, "excluded_lines": 0, "percent_statements_covered": 0.0, "percent_statements_covered_display": "0.00"}, "missing_lines": [37, 38], "excluded_lines": []}, "UserAchievementAdmin.recalculate_progress": {"executed_lines": [], "summary": {"covered_lines": 0, "num_statements": 1, "percent_covered": 0.0, "percent_covered_display": "0.00", "missing_lines": 1, "excluded_lines": 0, "percent_statements_covered": 0.0, "percent_statements_covered_display": "0.00"}, "missing_lines": [68], "excluded_lines": []}, "": {"executed_lines": [1, 2, 5, 6, 7, 8, 9, 10, 12, 29, 31, 34, 36, 39, 42, 43, 44, 45, 46, 47, 48, 50, 63, 65, 69], "summary": {"covered_lines": 25, "num_statements": 25, "percent_covered": 100.0, "percent_covered_display": "100.00", "missing_lines": 0, "excluded_lines": 0, "percent_statements_covered": 100.0, "percent_statements_covered_display": "100.00"}, "missing_lines": [], "excluded_lines": []}}, "classes": {"AchievementAdmin": {"executed_lines": [], "summary": {"covered_lines": 0, "num_statements": 4, "percent_covered": 0.0, "percent_covered_display": "0.00", "missing_lines": 4, "excluded_lines": 0, "percent_statements_covered": 0.0, "percent_statements_covered_display": "0.00"}, "missing_lines": [32, 33, 37, 38], "excluded_lines": []}, "UserAchievementAdmin": {"executed_lines": [], "summary": {"covered_lines": 0, "num_statements": 1, "percent_covered": 0.0, "percent_covered_display": "0.00", "missing_lines": 1, "excluded_lines": 0, "percent_statements_covered": 0.0, "percent_statements_covered_display": "0.00"}, "missing_lines": [68], "excluded_lines": []}, "": {"executed_lines": [1, 2, 5, 6, 7, 8, 9, 10, 12, 29, 31, 34, 36, 39, 42, 43, 44, 45, 46, 47, 48, 50, 63, 65, 69], "summary": {"covered_lines": 25, "num_statements": 25, "percent_covered": 100.0, "percent_covered_display": "100.00", "missing_lines": 0, "excluded_lines": 0, "percent_statements_covered": 100.0, "percent_statements_covered_display": "100.00"}, "missing_lines": [], "excluded_lines": []}}}, "achievements/apps.py": {"executed_lines": [1, 4, 5, 6], "summary": {"covered_lines": 4, "num_statements": 4, "percent_covered": 100.0, "percent_covered_display": "100.00", "missing_lines": 0, "excluded_lines": 0, "percent_statements_covered": 100.0, "percent_statements_covered_display": "100.00"}, "missing_lines": [], "excluded_lines": [], "functions": {"": {"executed_lines": [1, 4, 5, 6], "summary": {"covered_lines": 4, "num_statements": 4, "percent_covered": 100.0, "percent_covered_display": "100.00", "missing_lines": 0, "excluded_lines": 0, "percent_statements_covered": 100.0, "percent_statements_covered_display": "100.00"}, "missing_lines": [], "excluded_lines": []}}, "classes": {"AchievementsConfig": {"executed_lines": [], "summary": {"covered_lines": 0, "num_statements": 0, "percent_covered": 100.0, "percent_covered_display": "100.00", "missing_lines": 0, "excluded_lines": 0, "percent_statements_covered": 100.0, "percent_statements_covered_display": "100.00"}, "missing_lines": [], "excluded_lines": []}, "": {"executed_lines": [1, 4, 5, 6], "summary": {"covered_lines": 4, "num_statements": 4, "percent_covered": 100.0, "percent_covered_display": "100.00", "missing_lines": 0, "excluded_lines": 0, "percent_statements_covered": 100.0, "percent_statements_covered_display": "100.00"}, "missing_lines": [], "excluded_lines": []}}}, "achievements/models.py": {"executed_lines": [1, 2, 3, 4, 7, 8, 9, 10, 12, 13, 16, 17, 27, 28, 29, 30, 31, 32, 33, 34, 36, 37, 39, 42, 43, 47, 48, 49, 52, 53, 58, 63, 64, 66, 67, 68, 74, 79, 82, 83, 84, 86, 88, 97], "summary": {"covered_lines": 44, "num_statements": 52, "percent_covered": 84.61538461538461, "percent_covered_display": "84.62", "missing_lines": 8, "excluded_lines": 0, "percent_statements_covered": 84.61538461538461, "percent_statements_covered_display": "84.62"}, "missing_lines": [40, 44, 45, 80, 89, 93, 94, 95], "excluded_lines": [], "functions": {"Achievement.__str__": {"executed_lines": [], "summary": {"covered_lines": 0, "num_statements": 1, "percent_covered": 0.0, "percent_covered_display": "0.00", "missing_lines": 1, "excluded_lines": 0, "percent_statements_covered": 0.0, "percent_statements_covered_display": "0.00"}, "missing_lines": [40], "excluded_lines": []}, "Achievement.clean": {"executed_lines": [43], "summary": {"covered_lines": 1, "num_statements": 3, "percent_covered": 33.333333333333336, "percent_covered_display": "33.33", "missing_lines": 2, "excluded_lines": 0, "percent_statements_covered": 33.333333333333336, "percent_statements_covered_display": "33.33"}, "missing_lines": [44, 45], "excluded_lines": []}, "Achievement.save": {"executed_lines": [48, 49], "summary": {"covered_lines": 2, "num_statements": 2, "percent_covered": 100.0, "percent_covered_display": "100.00", "missing_lines": 0, "excluded_lines": 0, "percent_statements_covered": 100.0, "percent_statements_covered_display": "100.00"}, "missing_lines": [], "excluded_lines": []}, "UserAchievement.__str__": {"executed_lines": [], "summary": {"covered_lines": 0, "num_statements": 1, "percent_covered": 0.0, "percent_covered_display": "0.00", "missing_lines": 1, "excluded_lines": 0, "percent_statements_covered": 0.0, "percent_statements_covered_display": "0.00"}, "missing_lines": [80], "excluded_lines": []}, "UserAchievement.days_since_unlocked": {"executed_lines": [84], "summary": {"covered_lines": 1, "num_statements": 1, "percent_covered": 100.0, "percent_covered_display": "100.00", "missing_lines": 0, "excluded_lines": 0, "percent_statements_covered": 100.0, "percent_statements_covered_display": "100.00"}, "missing_lines": [], "excluded_lines": []}, "UserAchievement.save": {"executed_lines": [88, 97], "summary": {"covered_lines": 2, "num_statements": 6, "percent_covered": 33.333333333333336, "percent_covered_display": "33.33", "missing_lines": 4, "excluded_lines": 0, "percent_statements_covered": 33.333333333333336, "percent_statements_covered_display": "33.33"}, "missing_lines": [89, 93, 94, 95], "excluded_lines": []}, "": {"executed_lines": [1, 2, 3, 4, 7, 8, 9, 10, 12, 13, 16, 17, 27, 28, 29, 30, 31, 32, 33, 34, 36, 37, 39, 42, 47, 52, 53, 58, 63, 64, 66, 67, 68, 74, 79, 82, 83, 86], "summary": {"covered_lines": 38, "num_statements": 38, "percent_covered": 100.0, "percent_covered_display": "100.00", "missing_lines": 0, "excluded_lines": 0, "percent_statements_covered": 100.0, "percent_statements_covered_display": "100.00"}, "missing_lines": [], "excluded_lines": []}}, "classes": {"TimeStampedModel": {"executed_lines": [], "summary": {"covered_lines": 0, "num_statements": 0, "percent_covered": 100.0, "percent_covered_display": "100.00", "missing_lines": 0, "excluded_lines": 0, "percent_statements_covered": 100.0, "percent_statements_covered_display": "100.00"}, "missing_lines": [], "excluded_lines": []}, "TimeStampedModel.Meta": {"executed_lines": [], "summary": {"covered_lines": 0, "num_statements": 0, "percent_covered": 100.0, "percent_covered_display": "100.00", "missing_lines": 0, "excluded_lines": 0, "percent_statements_covered": 100.0, "percent_statements_covered_display": "100.00"}, "missing_lines": [], "excluded_lines": []}, "Achievement": {"executed_lines": [43, 48, 49], "summary": {"covered_lines": 3, "num_statements": 6, "percent_covered": 50.0, "percent_covered_display": "50.00", "missing_lines": 3, "excluded_lines": 0, "percent_statements_covered": 50.0, "percent_statements_covered_display": "50.00"}, "missing_lines": [40, 44, 45], "excluded_lines": []}, "Achievement.Meta": {"executed_lines": [], "summary": {"covered_lines": 0, "num_statements": 0, "percent_covered": 100.0, "percent_covered_display": "100.00", "missing_lines": 0, "excluded_lines": 0, "percent_statements_covered": 100.0, "percent_statements_covered_display": "100.00"}, "missing_lines": [], "excluded_lines": []}, "UserAchievement": {"executed_lines": [84, 88, 97], "summary": {"covered_lines": 3, "num_statements": 8, "percent_covered": 37.5, "percent_covered_display": "37.50", "missing_lines": 5, "excluded_lines": 0, "percent_statements_covered": 37.5, "percent_statements_covered_display": "37.50"}, "missing_lines": [80, 89, 93, 94, 95], "excluded_lines": []}, "UserAchievement.Meta": {"executed_lines": [], "summary": {"covered_lines": 0, "num_statements": 0, "percent_covered": 100.0, "percent_covered_display": "100.00", "missing_lines": 0, "excluded_lines": 0, "percent_statements_covered": 100.0, "percent_statements_covered_display": "100.00"}, "missing_lines": [], "excluded_lines": []}, "": {"executed_lines": [1, 2, 3, 4, 7, 8, 9, 10, 12, 13, 16, 17, 27, 28, 29, 30, 31, 32, 33, 34, 36, 37, 39, 42, 47, 52, 53, 58, 63, 64, 66, 67, 68, 74, 79, 82, 83, 86], "summary": {"covered_lines": 38, "num_statements": 38, "percent_covered": 100.0, "percent_covered_display": "100.00", "missing_lines": 0, "excluded_lines": 0, "percent_statements_covered": 100.0, "percent_statements_covered_display": "100.00"}, "missing_lines": [], "excluded_lines": []}}}, "achievements/permissions.py": {"executed_lines": [1, 4, 5, 11, 12, 13, 16, 17, 19, 21, 23, 27, 30, 31, 37, 38, 42, 43, 45, 47, 56, 57, 62, 65], "summary": {"covered_lines": 21, "num_statements": 30, "percent_covered": 70.0, "percent_covered_display": "70.00", "missing_lines": 9, "excluded_lines": 0, "percent_statements_covered": 70.0, "percent_statements_covered_display": "70.00"}, "missing_lines": [24, 39, 49, 50, 53, 63, 67, 68, 71], "excluded_lines": [], "functions": {"AchievementPermission.has_permission": {"executed_lines": [12, 13, 16, 17, 19], "summary": {"covered_lines": 5, "num_statements": 5, "percent_covered": 100.0, "percent_covered_display": "100.00", "missing_lines": 0, "excluded_lines": 0, "percent_statements_covered": 100.0, "percent_statements_covered_display": "100.00"}, "missing_lines": [], "excluded_lines": []}, "AchievementPermission.has_object_permission": {"executed_lines": [23, 27], "summary": {"covered_lines": 2, "num_statements": 3, "percent_covered": 66.66666666666667, "percent_covered_display": "66.67", "missing_lines": 1, "excluded_lines": 0, "percent_statements_covered": 66.66666666666667, "percent_statements_covered_display": "66.67"}, "missing_lines": [24], "excluded_lines": []}, "UserAchievementPermission.has_permission": {"executed_lines": [38, 42, 43, 45], "summary": {"covered_lines": 4, "num_statements": 5, "percent_covered": 80.0, "percent_covered_display": "80.00", "missing_lines": 1, "excluded_lines": 0, "percent_statements_covered": 80.0, "percent_statements_covered_display": "80.00"}, "missing_lines": [39], "excluded_lines": []}, "UserAchievementPermission.has_object_permission": {"executed_lines": [], "summary": {"covered_lines": 0, "num_statements": 3, "percent_covered": 0.0, "percent_covered_display": "0.00", "missing_lines": 3, "excluded_lines": 0, "percent_statements_covered": 0.0, "percent_statements_covered_display": "0.00"}, "missing_lines": [49, 50, 53], "excluded_lines": []}, "AchievementProgressPermission.has_permission": {"executed_lines": [], "summary": {"covered_lines": 0, "num_statements": 1, "percent_covered": 0.0, "percent_covered_display": "0.00", "missing_lines": 1, "excluded_lines": 0, "percent_statements_covered": 0.0, "percent_statements_covered_display": "0.00"}, "missin
[...]
tatements_covered_display": "100.00"}, "missing_lines": [], "excluded_lines": []}, "WorkoutDaySerializer.Meta": {"executed_lines": [], "summary": {"covered_lines": 0, "num_statements": 0, "percent_covered": 100.0, "percent_covered_display": "100.00", "missing_lines": 0, "excluded_lines": 0, "percent_statements_covered": 100.0, "percent_statements_covered_display": "100.00"}, "missing_lines": [], "excluded_lines": []}, "WorkoutProgramSerializer": {"executed_lines": [], "summary": {"covered_lines": 0, "num_statements": 4, "percent_covered": 0.0, "percent_covered_display": "0.00", "missing_lines": 4, "excluded_lines": 0, "percent_statements_covered": 0.0, "percent_statements_covered_display": "0.00"}, "missing_lines": [144, 147, 148, 153], "excluded_lines": []}, "WorkoutProgramSerializer.Meta": {"executed_lines": [], "summary": {"covered_lines": 0, "num_statements": 0, "percent_covered": 100.0, "percent_covered_display": "100.00", "missing_lines": 0, "excluded_lines": 0, "percent_statements_covered": 100.0, "percent_statements_covered_display": "100.00"}, "missing_lines": [], "excluded_lines": []}, "WorkoutProgramMinimalSerializer": {"executed_lines": [], "summary": {"covered_lines": 0, "num_statements": 1, "percent_covered": 0.0, "percent_covered_display": "0.00", "missing_lines": 1, "excluded_lines": 0, "percent_statements_covered": 0.0, "percent_statements_covered_display": "0.00"}, "missing_lines": [170], "excluded_lines": []}, "WorkoutProgramMinimalSerializer.Meta": {"executed_lines": [], "summary": {"covered_lines": 0, "num_statements": 0, "percent_covered": 100.0, "percent_covered_display": "100.00", "missing_lines": 0, "excluded_lines": 0, "percent_statements_covered": 100.0, "percent_statements_covered_display": "100.00"}, "missing_lines": [], "excluded_lines": []}, "WorkoutLogSetSerializer": {"executed_lines": [], "summary": {"covered_lines": 0, "num_statements": 0, "percent_covered": 100.0, "percent_covered_display": "100.00", "missing_lines": 0, "excluded_lines": 0, "percent_statements_covered": 100.0, "percent_statements_covered_display": "100.00"}, "missing_lines": [], "excluded_lines": []}, "WorkoutLogSetSerializer.Meta": {"executed_lines": [], "summary": {"covered_lines": 0, "num_statements": 0, "percent_covered": 100.0, "percent_covered_display": "100.00", "missing_lines": 0, "excluded_lines": 0, "percent_statements_covered": 100.0, "percent_statements_covered_display": "100.00"}, "missing_lines": [], "excluded_lines": []}, "WorkoutLogExerciseSerializer": {"executed_lines": [], "summary": {"covered_lines": 0, "num_statements": 0, "percent_covered": 100.0, "percent_covered_display": "100.00", "missing_lines": 0, "excluded_lines": 0, "percent_statements_covered": 100.0, "percent_statements_covered_display": "100.00"}, "missing_lines": [], "excluded_lines": []}, "WorkoutLogExerciseSerializer.Meta": {"executed_lines": [], "summary": {"covered_lines": 0, "num_statements": 0, "percent_covered": 100.0, "percent_covered_display": "100.00", "missing_lines": 0, "excluded_lines": 0, "percent_statements_covered": 100.0, "percent_statements_covered_display": "100.00"}, "missing_lines": [], "excluded_lines": []}, "WorkoutLogSerializer": {"executed_lines": [], "summary": {"covered_lines": 0, "num_statements": 0, "percent_covered": 100.0, "percent_covered_display": "100.00", "missing_lines": 0, "excluded_lines": 0, "percent_statements_covered": 100.0, "percent_statements_covered_display": "100.00"}, "missing_lines": [], "excluded_lines": []}, "WorkoutLogSerializer.Meta": {"executed_lines": [], "summary": {"covered_lines": 0, "num_statements": 0, "percent_covered": 100.0, "percent_covered_display": "100.00", "missing_lines": 0, "excluded_lines": 0, "percent_statements_covered": 100.0, "percent_statements_covered_display": "100.00"}, "missing_lines": [], "excluded_lines": []}, "": {"executed_lines": [4, 5, 9, 12, 13, 15, 20, 21, 22, 23, 24, 26, 27, 28, 37, 39, 43, 48, 49, 50, 51, 53, 54, 55, 61, 66, 67, 68, 69, 70, 72, 73, 74, 81, 85, 90, 91, 92, 93, 95, 96, 97, 104, 105, 106, 107, 109, 110, 111, 118, 119, 120, 121, 122, 124, 125, 126, 137, 139, 156, 157, 158, 160, 161, 162, 169, 173, 174, 175, 176, 177, 180, 181, 182, 184, 185, 186, 189, 190, 191, 193, 194, 195, 203], "summary": {"covered_lines": 73, "num_statements": 73, "percent_covered": 100.0, "percent_covered_display": "100.00", "missing_lines": 0, "excluded_lines": 0, "percent_statements_covered": 100.0, "percent_statements_covered_display": "100.00"}, "missing_lines": [], "excluded_lines": []}}}, "workouts/urls.py": {"executed_lines": [2, 3, 4, 10, 11, 12, 13, 14, 15, 16, 18], "summary": {"covered_lines": 11, "num_statements": 11, "percent_covered": 100.0, "percent_covered_display": "100.00", "missing_lines": 0, "excluded_lines": 0, "percent_statements_covered": 100.0, "percent_statements_covered_display": "100.00"}, "missing_lines": [], "excluded_lines": [], "functions": {"": {"executed_lines": [2, 3, 4, 10, 11, 12, 13, 14, 15, 16, 18], "summary": {"covered_lines": 11, "num_statements": 11, "percent_covered": 100.0, "percent_covered_display": "100.00", "missing_lines": 0, "excluded_lines": 0, "percent_statements_covered": 100.0, "percent_statements_covered_display": "100.00"}, "missing_lines": [], "excluded_lines": []}}, "classes": {"": {"executed_lines": [2, 3, 4, 10, 11, 12, 13, 14, 15, 16, 18], "summary": {"covered_lines": 11, "num_statements": 11, "percent_covered": 100.0, "percent_covered_display": "100.00", "missing_lines": 0, "excluded_lines": 0, "percent_statements_covered": 100.0, "percent_statements_covered_display": "100.00"}, "missing_lines": [], "excluded_lines": []}}}, "workouts/views.py": {"executed_lines": [4, 5, 6, 7, 8, 9, 11, 15, 23, 24, 25, 26, 27, 28, 29, 30, 31, 32, 34, 39, 44, 45, 53, 54, 63, 64, 65, 66, 67, 68, 69, 70, 71, 73, 85, 90, 91, 99, 100, 118, 119, 127, 128, 139, 140, 188, 189, 190, 191, 193, 200, 201, 202, 203, 204, 205, 206, 207, 209, 212, 216, 236, 244, 245, 281, 282, 291, 292, 307, 308, 418, 421, 422, 427, 428, 429, 430, 431, 432, 433, 435, 444, 449, 472], "summary": {"covered_lines": 79, "num_statements": 258, "percent_covered": 30.62015503875969, "percent_covered_display": "30.62", "missing_lines": 179, "excluded_lines": 0, "percent_statements_covered": 30.62015503875969, "percent_statements_covered_display": "30.62"}, "missing_lines": [35, 40, 41, 42, 47, 48, 56, 74, 76, 86, 87, 88, 93, 96, 97, 102, 104, 111, 113, 114, 115, 116, 121, 124, 125, 130, 136, 137, 146, 148, 149, 150, 153, 154, 161, 162, 169, 174, 177, 178, 180, 181, 194, 195, 196, 197, 210, 214, 218, 219, 220, 222, 223, 228, 229, 230, 231, 232, 234, 238, 239, 240, 241, 242, 247, 248, 249, 250, 252, 253, 254, 255, 256, 264, 265, 272, 274, 284, 285, 286, 287, 288, 289, 294, 295, 297, 298, 300, 305, 310, 311, 312, 313, 315, 316, 319, 322, 325, 331, 334, 335, 338, 343, 348, 354, 357, 358, 359, 360, 361, 362, 363, 365, 368, 369, 370, 375, 376, 377, 378, 379, 380, 381, 382, 384, 385, 386, 387, 391, 394, 395, 398, 401, 402, 404, 437, 445, 446, 447, 451, 454, 455, 457, 458, 459, 461, 462, 464, 477, 478, 480, 483, 486, 487, 490, 491, 492, 495, 496, 497, 498, 499, 502, 504, 507, 508, 512, 514, 526, 527, 529, 531, 532, 533, 535, 546, 548, 551, 552], "excluded_lines": [], "functions": {"ExerciseViewSet.get_queryset": {"executed_lines": [], "summary": {"covered_lines": 0, "num_statements": 1, "percent_covered": 0.0, "percent_covered_display": "0.00", "missing_lines": 1, "excluded_lines": 0, "percent_statements_covered": 0.0, "percent_statements_covered_display": "0.00"}, "missing_lines": [35], "excluded_lines": []}, "ExerciseViewSet.get_serializer_class": {"executed_lines": [], "summary": {"covered_lines": 0, "num_statements": 3, "percent_covered": 0.0, "percent_covered_display": "0.00", "missing_lines": 3, "excluded_lines": 0, "percent_statements_covered": 0.0, "percent_statements_covered_display": "0.00"}, "missing_lines": [40, 41, 42], "excluded_lines": []}, "ExerciseViewSet.categories": {"executed_lines": [], "summary": {"covered_lines": 0, "num_statements": 2, "percent_covered": 0.0, "percent_covered_display": "0.00", "missing_lines": 2, "excluded_lines": 0, "percent_statements_covered": 0.0, "percent_statements_covered_display": "0.00"}, "missing_lines": [47, 48], "excluded_lines": []}, "ExerciseViewSet.muscle_groups": {"executed_lines": [], "summary": {"covered_lines": 0, "num_statements": 1, "percent_covered": 0.0, "percent_covered_display": "0.00", "missing_lines": 1, "excluded_lines": 0, "percent_statements_covered": 0.0, "percent_statements_covered_display": "0.00"}, "missing_lines": [56], "excluded_lines": []}, "WorkoutProgramViewSet.get_queryset": {"executed_lines": [], "summary": {"covered_lines": 0, "num_statements": 2, "percent_covered": 0.0, "percent_covered_display": "0.00", "missing_lines": 2, "excluded_lines": 0, "percent_statements_covered": 0.0, "percent_statements_covered_display": "0.00"}, "missing_lines": [74, 76], "excluded_lines": []}, "WorkoutProgramViewSet.get_serializer_class": {"executed_lines": [], "summary": {"covered_lines": 0, "num_statements": 3, "percent_covered": 0.0, "percent_covered_display": "0.00", "missing_lines": 3, "excluded_lines": 0, "percent_statements_covered": 0.0, "percent_statements_covered_display": "0.00"}, "missing_lines": [86, 87, 88], "excluded_lines": []}, "WorkoutProgramViewSet.my_programs": {"executed_lines": [], "summary": {"covered_lines": 0, "num_statements": 3, "percent_covered": 0.0, "percent_covered_display": "0.00", "missing_lines": 3, "excluded_lines": 0, "percent_statements_covered": 0.0, "percent_statements_covered_display": "0.00"}, "missing_lines": [93, 96, 97], "excluded_lines": []}, "WorkoutProgramViewSet.my_active_program": {"executed_lines": [], "summary": {"covered_lines": 0, "num_statements": 7, "percent_covered": 0.0, "percent_covered_display": "0.00", "missing_lines": 7, "excluded_lines": 0, "percent_statements_covered": 0.0, "percent_statements_covered_display": "0.00"}, "missing_lines": [102, 104, 111, 113, 114, 115, 116], "excluded_lines": []}, "WorkoutProgramViewSet.templates": {"executed_lines": [], "summary": {"covered_lines": 0, "num_statements": 3, "percent_covered": 0.0, "percent_covered_display": "0.00", "missing_lines": 3, "excluded_lines": 0, "percent_statements_covered": 0.0, "percent_statements_covered_display": "0.00"}, "missing_lines": [121, 124, 125], "excluded_lines": []}, "WorkoutProgramViewSet.available_templates": {"executed_lines": [], "summary": {"covered_lines": 0, "num_statements": 3, "percent_covered": 0.0, "percent_covered_display": "0.00", "missing_lines": 3, "excluded_lines": 0, "percent_statements_covered": 0.0, "percent_statements_covered_display": "0.00"}, "missing_lines": [130, 136, 137], "excluded_lines": []}, "WorkoutProgramViewSet.activate": {"executed_lines": [], "summary": {"covered_lines": 0, "num_statements": 14, "percent_covered": 0.0, "percent_covered_display": "0.00", "missing_lines": 14, "excluded_lines": 0, "percent_statements_covered": 0.0, "percent_statements_covered_display": "0.00"}, "missing_lines": [146, 148, 149, 150, 153, 154, 161, 162, 169, 174, 177, 178, 180, 181], "excluded_lines": []}, "WorkoutDayViewSet.get_queryset": {"executed_lines": [], "summary": {"covered_lines": 0, "num_statements": 4, "percent_covered": 0.0, "percent_covered_display": "0.00", "missing_lines": 4, "excluded_lines": 0, "percent_statements_covered": 0.0, "percent_statements_covered_display": "0.00"}, "missing_lines": [194, 195, 196, 197], "excluded_lines": []}, "WorkoutLogViewSet.get_queryset": {"executed_lines": [], "summary": {"covered_lines": 0, "num_statements": 1, "percent_covered": 0.0, "percent_covered_display": "0.00", "missing_lines": 1, "excluded_lines": 0, "percent_statements_covered": 0.0, "percent_statements_covered_display": "0.00"}, "missing_lines": [210], "excluded_lines": []}, "WorkoutLogViewSet.perform_create": {"executed_lines": [], "summary": {"covered_lines": 0, "num_statements": 1, "percent_covered": 0.0, "percent_covered_display": "0.00", "missing_lines": 1, "excluded_lines": 0, "percent_statements_covered": 0.0, "percent_statements_covered_display": "0.00"}, "missing_lines": [214], "excluded_lines": []}, "WorkoutLogViewSet.create": {"executed_lines": [], "summary": {"covered_lines": 0, "num_statements": 5, "percent_covered": 0.0, "percent_covered_display": "0.00", "missing_lines": 5, "excluded_lines": 0, "percent_statements_covered": 0.0, "percent_statements_covered_display": "0.00"}, "missing_lines": [238, 239, 240, 241, 242], "excluded_lines": []}, "WorkoutLogViewSet.check_today": {"executed_lines": [], "summary": {"covered_lines": 0, "num_statements": 13, "percent_covered": 0.0, "percent_covered_display": "0.00", "missing_lines": 13, "excluded_lines": 0, "percent_statements_covered": 0.0, "percent_statements_covered_display": "0.00"}, "missing_lines": [247, 248, 249, 250, 252, 253, 254, 255, 256, 264, 265, 272, 274], "excluded_lines": []}, "WorkoutLogViewSet.today": {"executed_lines": [], "summary": {"covered_lines": 0, "num_statements": 6, "percent_covered": 0.0, "percent_covered_display": "0.00", "missing_lines": 6, "excluded_lines": 0, "percent_statements_covered": 0.0, "percent_statements_covered_display": "0.00"}, "missing_lines": [284, 285, 286, 287, 288, 289], "excluded_lines": []}, "WorkoutLogViewSet.week": {"executed_lines": [], "summary": {"covered_lines": 0, "num_statements": 6, "percent_covered": 0.0, "percent_covered_display": "0.00", "missing_lines": 6, "excluded_lines": 0, "percent_statements_covered": 0.0, "percent_statements_covered_display": "0.00"}, "missing_lines": [294, 295, 297, 298, 300, 305], "excluded_lines": []}, "WorkoutLogViewSet.statistics": {"executed_lines": [], "summary": {"covered_lines": 0, "num_statements": 46, "percent_covered": 0.0, "percent_covered_display": "0.00", "missing_lines": 46, "excluded_lines": 0, "percent_statements_covered": 0.0, "percent_statements_covered_display": "0.00"}, "missing_lines": [310, 311, 312, 313, 315, 316, 319, 322, 325, 331, 334, 335, 338, 343, 348, 354, 357, 358, 359, 360, 361, 362, 363, 365, 368, 369, 370, 375, 376, 377, 378, 379, 380, 381, 382, 384, 385, 386, 387, 391, 394, 395, 398, 401, 402, 404], "excluded_lines": []}, "WorkoutPlanTemplateViewSet.get_queryset": {"executed_lines": [], "summary": {"covered_lines": 0, "num_statements": 1, "percent_covered": 0.0, "percent_covered_display": "0.00", "missing_lines": 1, "excluded_lines": 0, "percent_statements_covered": 0.0, "percent_statements_covered_display": "0.00"}, "missing_lines": [437], "excluded_lines": []}, "WorkoutPlanTemplateViewSet.get_serializer_class": {"executed_lines": [], "summary": {"covered_lines": 0, "num_statements": 3, "percent_covered": 0.0, "percent_covered_display": "0.00", "missing_lines": 3, "excluded_lines": 0, "percent_statements_covered": 0.0, "percent_statements_covered_display": "0.00"}, "missing_lines": [445, 446, 447], "excluded_lines": []}, "WorkoutPlanTemplateViewSet.list": {"executed_lines": [], "summary": {"covered_lines": 0, "num_statements": 9, "percent_covered": 0.0, "percent_covered_display": "0.00", "missing_lines": 9, "excluded_lines": 0, "percent_statements_covered": 0.0, "percent_statements_covered_display": "0.00"}, "missing_lines": [451, 454, 455, 457, 458, 459, 461, 462, 464], "excluded_lines": []}, "WorkoutPlanTemplateViewSet.create": {"executed_lines": [], "summary": {"covered_lines": 0, "num_statements": 31, "percent_covered": 0.0, "percent_covered_display": "0.00", "missing_lines": 31, "excluded_lines": 0, "percent_statements_covered": 0.0, "percent_statements_covered_display": "0.00"}, "missing_lines": [477, 478, 480, 483, 486, 487, 490, 491, 492, 495, 496, 497, 498, 499, 502, 504, 507, 508, 512, 514, 526, 527, 529, 531, 532, 533, 535, 546, 548, 551, 552], "excluded_lines": []}, "": {"executed_lines": [4, 5, 6, 7, 8, 9, 11, 15, 23, 24, 25, 26, 27, 28, 29, 30, 31, 32, 34, 39, 44, 45, 53, 54, 63, 64, 65, 66, 67, 68, 69, 70, 71, 73, 85, 90, 91, 99, 100, 118, 119, 127, 128, 139, 140, 188, 189, 190, 191, 193, 200, 201, 202, 203, 204, 205, 206, 207, 209, 212, 216, 236, 244, 245, 281, 282, 291, 292, 307, 308, 418, 421, 422, 427, 428, 429, 430, 431, 432, 433, 435, 444, 449, 472], "summary": {"covered_lines": 79, "num_statements": 79, "percent_covered": 100.0, "percent_covered_display": "100.00", "missing_lines": 0, "excluded_lines": 0, "percent_statements_covered": 100.0, "percent_statements_covered_display": "100.00"}, "missing_lines": [], "excluded_lines": []}}, "classes": {"ExerciseViewSet": {"executed_lines": [], "summary": {"covered_lines": 0, "num_statements": 7, "percent_covered": 0.0, "percent_covered_display": "0.00", "missing_lines": 7, "excluded_lines": 0, "percent_statements_covered": 0.0, "percent_statements_covered_display": "0.00"}, "missing_lines": [35, 40, 41, 42, 47, 48, 56], "excluded_lines": []}, "WorkoutProgramViewSet": {"executed_lines": [], "summary": {"covered_lines": 0, "num_statements": 35, "percent_covered": 0.0, "percent_covered_display": "0.00", "missing_lines": 35, "excluded_lines": 0, "percent_statements_covered": 0.0, "percent_statements_covered_display": "0.00"}, "missing_lines": [74, 76, 86, 87, 88, 93, 96, 97, 102, 104, 111, 113, 114, 115, 116, 121, 124, 125, 130, 136, 137, 146, 148, 149, 150, 153, 154, 161, 162, 169, 174, 177, 178, 180, 181], "excluded_lines": []}, "WorkoutDayViewSet": {"executed_lines": [], "summary": {"covered_lines": 0, "num_statements": 4, "percent_covered": 0.0, "percent_covered_display": "0.00", "missing_lines": 4, "excluded_lines": 0, "percent_statements_covered": 0.0, "percent_statements_covered_display": "0.00"}, "missing_lines": [194, 195, 196, 197], "excluded_lines": []}, "WorkoutLogViewSet": {"executed_lines": [], "summary": {"covered_lines": 0, "num_statements": 89, "percent_covered": 0.0, "percent_covered_display": "0.00", "missing_lines": 89, "excluded_lines": 0, "percent_statements_covered": 0.0, "percent_statements_covered_display": "0.00"}, "missing_lines": [210, 214, 218, 219, 220, 222, 223, 228, 229, 230, 231, 232, 234, 238, 239, 240, 241, 242, 247, 248, 249, 250, 252, 253, 254, 255, 256, 264, 265, 272, 274, 284, 285, 286, 287, 288, 289, 294, 295, 297, 298, 300, 305, 310, 311, 312, 313, 315, 316, 319, 322, 325, 331, 334, 335, 338, 343, 348, 354, 357, 358, 359, 360, 361, 362, 363, 365, 368, 369, 370, 375, 376, 377, 378, 379, 380, 381, 382, 384, 385, 386, 387, 391, 394, 395, 398, 401, 402, 404], "excluded_lines": []}, "WorkoutPlanTemplateViewSet": {"executed_lines": [], "summary": {"covered_lines": 0, "num_statements": 44, "percent_covered": 0.0, "percent_covered_display": "0.00", "missing_lines": 44, "excluded_lines": 0, "percent_statements_covered": 0.0, "percent_statements_covered_display": "0.00"}, "missing_lines": [437, 445, 446, 447, 451, 454, 455, 457, 458, 459, 461, 462, 464, 477, 478, 480, 483, 486, 487, 490, 491, 492, 495, 496, 497, 498, 499, 502, 504, 507, 508, 512, 514, 526, 527, 529, 531, 532, 533, 535, 546, 548, 551, 552], "excluded_lines": []}, "": {"executed_lines": [4, 5, 6, 7, 8, 9, 11, 15, 23, 24, 25, 26, 27, 28, 29, 30, 31, 32, 34, 39, 44, 45, 53, 54, 63, 64, 65, 66, 67, 68, 69, 70, 71, 73, 85, 90, 91, 99, 100, 118, 119, 127, 128, 139, 140, 188, 189, 190, 191, 193, 200, 201, 202, 203, 204, 205, 206, 207, 209, 212, 216, 236, 244, 245, 281, 282, 291, 292, 307, 308, 418, 421, 422, 427, 428, 429, 430, 431, 432, 433, 435, 444, 449, 472], "summary": {"covered_lines": 79, "num_statements": 79, "percent_covered": 100.0, "percent_covered_display": "100.00", "missing_lines": 0, "excluded_lines": 0, "percent_statements_covered": 100.0, "percent_statements_covered_display": "100.00"}, "missing_lines": [], "excluded_lines": []}}}}, "totals": {"covered_lines": 4407, "num_statements": 10926, "percent_covered": 40.33498077979132, "percent_covered_display": "40.33", "missing_lines": 6519, "excluded_lines": 2, "percent_statements_covered": 40.33498077979132, "percent_statements_covered_display": "40.33"}}